#
# There is insufficient memory for the Java Runtime Environment to continue.
# Native memory allocation (mmap) failed to map 316669952 bytes for committing reserved memory.
# Possible reasons:
#   The system is out of physical RAM or swap space
#   The process is running with CompressedOops enabled, and the Java Heap may be blocking the growth of the native heap
# Possible solutions:
#   Reduce memory load on the system
#   Increase physical memory or swap space
#   Check if swap backing store is full
#   Decrease Java heap size (-Xmx/-Xms)
#   Decrease number of Java threads
#   Decrease Java thread stack sizes (-Xss)
#   Set larger code cache with -XX:ReservedCodeCacheSize=
#   JVM is running with Unscaled Compressed Oops mode in which the Java heap is
#     placed in the first 4GB address space. The Java Heap base address is the
#     maximum limit for the native heap growth. Please use -XX:HeapBaseMinAddress
#     to set the Java Heap base and to place the Java Heap above 4GB virtual address.
# This output file may be truncated or incomplete.
#
#  Out of Memory Error (os_linux.cpp:2884), pid=28053, tid=28061
#
# JRE version: OpenJDK Runtime Environment (11.0.4+11) (build 11.0.4+11)
# Java VM: OpenJDK 64-Bit Server VM (11.0.4+11, mixed mode, tiered, compressed oops, g1 gc, linux-amd64)
# Core dump will be written. Default location: Core dumps may be processed with "/usr/share/apport/apport %p %s %c %d %P" (or dumping to /media/ashish/0EA411000EA41100/silkhouse/core.28053)
#

---------------  S U M M A R Y ------------

Command Line: --add-modules=ALL-SYSTEM --add-opens=java.base/java.util=ALL-UNNAMED --add-opens=java.base/java.lang=ALL-UNNAMED -Declipse.application=org.eclipse.jdt.ls.core.id1 -Dosgi.bundles.defaultStartLevel=4 -Declipse.product=org.eclipse.jdt.ls.core.product -Dfile.encoding=utf8 -Xverify:none -Xmx1G -XX:+UseG1GC -XX:+UseStringDeduplication -javaagent:/home/ashish/.vscode/extensions/gabrielbb.vscode-lombok-0.9.9/server/lombok.jar /home/ashish/.vscode/extensions/redhat.java-0.50.0/server/plugins/org.eclipse.equinox.launcher_1.5.500.v20190715-1310.jar -configuration /home/ashish/.vscode/extensions/redhat.java-0.50.0/server/config_linux -data /home/ashish/.config/Code/User/workspaceStorage/d7cfcc610f47a71014953f1de2661f1f/redhat.java/jdt_ws

Host: Intel(R) Core(TM) i7-7700HQ CPU @ 2.80GHz, 8 cores, 7G, Linux Mint 19 Tara
Time: Mon Oct 14 01:34:20 2019 IST elapsed time: 2719 seconds (0d 0h 45m 19s)

---------------  T H R E A D  ---------------

Current thread (0x00007f6b6c1a9800):  VMThread "VM Thread" [stack: 0x00007f6b46ff6000,0x00007f6b470f6000] [id=28061]

Stack: [0x00007f6b46ff6000,0x00007f6b470f6000],  sp=0x00007f6b470f3f80,  free space=1015k
Native frames: (J=compiled Java code, A=aot compiled Java code, j=interpreted, Vv=VM code, C=native code)
V  [libjvm.so+0xe22044]  VMError::report_and_die(int, char const*, char const*, __va_list_tag*, Thread*, unsigned char*, void*, void*, char const*, int, unsigned long)+0x314
V  [libjvm.so+0xe22cab]  VMError::report_and_die(Thread*, char const*, int, unsigned long, VMErrorType, char const*, __va_list_tag*)+0x2b
V  [libjvm.so+0x68e045]  report_vm_out_of_memory(char const*, int, unsigned long, VMErrorType, char const*, ...)+0xd5
V  [libjvm.so+0xbfbda8]  os::pd_commit_memory_or_exit(char*, unsigned long, unsigned long, bool, char const*)+0x108
V  [libjvm.so+0xbf2c7d]  os::commit_memory_or_exit(char*, unsigned long, unsigned long, bool, char const*)+0x1d
V  [libjvm.so+0x7ab9fc]  G1PageBasedVirtualSpace::commit_preferred_pages(unsigned long, unsigned long)+0x6c
V  [libjvm.so+0x7abc9e]  G1PageBasedVirtualSpace::commit(unsigned long, unsigned long)+0x5e
V  [libjvm.so+0x7b7d10]  G1RegionsLargerThanCommitSizeMapper::commit_regions(unsigned int, unsigned long, WorkGang*)+0x40
V  [libjvm.so+0x8339b9]  HeapRegionManager::commit_regions(unsigned int, unsigned long, WorkGang*)+0x89
V  [libjvm.so+0x834612]  HeapRegionManager::make_regions_available(unsigned int, unsigned int, WorkGang*)+0x42
V  [libjvm.so+0x834a79]  HeapRegionManager::expand_at(unsigned int, unsigned int, WorkGang*) [clone .part.22]+0x119
V  [libjvm.so+0x769c3f]  G1CollectedHeap::expand(unsigned long, WorkGang*, double*)+0xdf
V  [libjvm.so+0x76e9ca]  G1CollectedHeap::do_collection_pause_at_safepoint(double)+0xa9a
V  [libjvm.so+0xe2dde1]  VM_G1CollectForAllocation::doit()+0x81
V  [libjvm.so+0xe2c977]  VM_Operation::evaluate()+0xe7
V  [libjvm.so+0xe2a166]  VMThread::evaluate_operation(VM_Operation*) [clone .constprop.66]+0xb6
V  [libjvm.so+0xe2a698]  VMThread::loop()+0x428
V  [libjvm.so+0xe2aae3]  VMThread::run()+0x73
V  [libjvm.so+0xdb93aa]  Thread::call_run()+0x13a
V  [libjvm.so+0xc01c9e]  thread_native_entry(Thread*)+0xee

VM_Operation (0x00007f6aa2f4f7b0): G1CollectForAllocation, mode: safepoint, requested by thread 0x00007f6ac02f5800


---------------  P R O C E S S  ---------------

Threads class SMR info:
_java_thread_list=0x00007f6a50008e20, length=44, elements={
0x00007f6b6c013000, 0x00007f6b6c1b2000, 0x00007f6b6c1b6000, 0x00007f6b6c1d2800,
0x00007f6b6c1d4800, 0x00007f6b6c1d7000, 0x00007f6b6c1d9000, 0x00007f6b6c29c000,
0x00007f6b6c393800, 0x00007f6b6c5d1000, 0x00007f6b6c60b000, 0x00007f6b6c60c800,
0x00007f6af8099800, 0x00007f6af83a6800, 0x00007f6b6c402800, 0x00007f6b6c4ed800,
0x00007f6acc0fe800, 0x00007f6b28001000, 0x00007f6a78100800, 0x00007f6a6c003800,
0x00007f6a7001a800, 0x00007f6a70022800, 0x00007f6acc187000, 0x00007f6a60002000,
0x00007f6a54016000, 0x00007f6a5401e800, 0x00007f6a5410c800, 0x00007f6a4401b000,
0x00007f6a4401c000, 0x00007f6a680a2800, 0x00007f6ac0330000, 0x00007f6ac00eb000,
0x00007f6ac02f8000, 0x00007f6ac0049800, 0x00007f6b24001000, 0x00007f6ac02df000,
0x00007f6ac00fc000, 0x00007f6a3c006800, 0x00007f6a3c00a800, 0x00007f6a84011800,
0x00007f6ac02f5800, 0x00007f6a8400f800, 0x00007f6a98010800, 0x00007f6a40014800
}

Java Threads: ( => current thread )
  0x00007f6b6c013000 JavaThread "main" [_thread_blocked, id=28054, stack(0x00007f6b748dc000,0x00007f6b749dd000)]
  0x00007f6b6c1b2000 JavaThread "Reference Handler" daemon [_thread_blocked, id=28062, stack(0x00007f6b46ef3000,0x00007f6b46ff4000)]
  0x00007f6b6c1b6000 JavaThread "Finalizer" daemon [_thread_blocked, id=28063, stack(0x00007f6b46df2000,0x00007f6b46ef3000)]
  0x00007f6b6c1d2800 JavaThread "Signal Dispatcher" daemon [_thread_blocked, id=28064, stack(0x00007f6b46a13000,0x00007f6b46b14000)]
  0x00007f6b6c1d4800 JavaThread "C2 CompilerThread0" daemon [_thread_blocked, id=28065, stack(0x00007f6b46912000,0x00007f6b46a13000)]
  0x00007f6b6c1d7000 JavaThread "C1 CompilerThread0" daemon [_thread_blocked, id=28066, stack(0x00007f6b46811000,0x00007f6b46912000)]
  0x00007f6b6c1d9000 JavaThread "Sweeper thread" daemon [_thread_blocked, id=28067, stack(0x00007f6b46710000,0x00007f6b46811000)]
  0x00007f6b6c29c000 JavaThread "Common-Cleaner" daemon [_thread_blocked, id=28068, stack(0x00007f6b4660f000,0x00007f6b46710000)]
  0x00007f6b6c393800 JavaThread "Service Thread" daemon [_thread_blocked, id=28070, stack(0x00007f6b45fe4000,0x00007f6b460e5000)]
  0x00007f6b6c5d1000 JavaThread "Active Thread: Equinox Container: 0a3bc5ff-6b17-4543-9570-8b2f1800a03d" [_thread_blocked, id=28076, stack(0x00007f6b457de000,0x00007f6b458df000)]
  0x00007f6b6c60b000 JavaThread "Framework Event Dispatcher: Equinox Container: 0a3bc5ff-6b17-4543-9570-8b2f1800a03d" daemon [_thread_blocked, id=28083, stack(0x00007f6b45de1000,0x00007f6b45ee2000)]
  0x00007f6b6c60c800 JavaThread "Start Level: Equinox Container: 0a3bc5ff-6b17-4543-9570-8b2f1800a03d" daemon [_thread_blocked, id=28084, stack(0x00007f6b454dd000,0x00007f6b455de000)]
  0x00007f6af8099800 JavaThread "Worker-JM" [_thread_blocked, id=28092, stack(0x00007f6b4650e000,0x00007f6b4660f000)]
  0x00007f6af83a6800 JavaThread "Java indexing" daemon [_thread_blocked, id=28106, stack(0x00007f6b440bb000,0x00007f6b441bc000)]
  0x00007f6b6c402800 JavaThread "pool-2-thread-1" [_thread_blocked, id=28112, stack(0x00007f6acbcff000,0x00007f6acbe00000)]
  0x00007f6b6c4ed800 JavaThread "pool-1-thread-1" [_thread_blocked, id=28114, stack(0x00007f6acaefd000,0x00007f6acaffe000)]
  0x00007f6acc0fe800 JavaThread "Bundle File Closer" daemon [_thread_blocked, id=28123, stack(0x00007f6aca4f7000,0x00007f6aca5f8000)]
  0x00007f6b28001000 JavaThread "Attach Listener" daemon [_thread_blocked, id=28194, stack(0x00007f6aca8f9000,0x00007f6aca9fa000)]
  0x00007f6a78100800 JavaThread "RMI TCP Accept-0" daemon [_thread_in_native, id=28208, stack(0x00007f6ac98f3000,0x00007f6ac99f4000)]
  0x00007f6a6c003800 JavaThread "RMI TCP Connection(idle)" daemon [_thread_blocked, id=28211, stack(0x00007f6ac8695000,0x00007f6ac8796000)]
  0x00007f6a7001a800 JavaThread "RMI Scheduler(0)" daemon [_thread_blocked, id=28212, stack(0x00007f6aca7f8000,0x00007f6aca8f9000)]
  0x00007f6a70022800 JavaThread "JMX server connection timeout 38" daemon [_thread_blocked, id=28214, stack(0x00007f6ac8594000,0x00007f6ac8695000)]
  0x00007f6acc187000 JavaThread "Java Debug Server" daemon [_thread_in_native, id=28341, stack(0x00007f6ac8091000,0x00007f6ac8192000)]
  0x00007f6a60002000 JavaThread "pool-3-thread-1" [_thread_in_native, id=28342, stack(0x00007f6aa3456000,0x00007f6aa3557000)]
  0x00007f6a54016000 JavaThread "RxSchedulerPurge-1" daemon [_thread_blocked, id=28343, stack(0x00007f6aa3155000,0x00007f6aa3256000)]
  0x00007f6a5401e800 JavaThread "RxCachedWorkerPoolEvictor-1" daemon [_thread_blocked, id=28344, stack(0x00007f6aa3054000,0x00007f6aa3155000)]
  0x00007f6a5410c800 JavaThread "RxNewThreadScheduler-1" daemon [_thread_blocked, id=28345, stack(0x00007f6ac8493000,0x00007f6ac8594000)]
  0x00007f6a4401b000 JavaThread "Packet Receive Manager" daemon [_thread_in_native, id=28375, stack(0x00007f6aca9fa000,0x00007f6acaafb000)]
  0x00007f6a4401c000 JavaThread "Packet Send Manager" daemon [_thread_blocked, id=28376, stack(0x00007f6aa2f53000,0x00007f6aa3054000)]
  0x00007f6a680a2800 JavaThread "Event Hub" daemon [_thread_blocked, id=28380, stack(0x00007f6aa2d51000,0x00007f6aa2e52000)]
  0x00007f6ac0330000 JavaThread "ForkJoinPool.commonPool-worker-7" daemon [_thread_blocked, id=28681, stack(0x00007f6acaafb000,0x00007f6acabfc000)]
  0x00007f6ac00eb000 JavaThread "ForkJoinPool.commonPool-worker-9" daemon [_thread_blocked, id=28682, stack(0x00007f6acbbfe000,0x00007f6acbcff000)]
  0x00007f6ac02f8000 JavaThread "ForkJoinPool.commonPool-worker-11" daemon [_thread_blocked, id=28683, stack(0x00007f6ac9df6000,0x00007f6ac9ef7000)]
  0x00007f6ac0049800 JavaThread "ForkJoinPool.commonPool-worker-13" daemon [_thread_blocked, id=28684, stack(0x00007f6ac9bf4000,0x00007f6ac9cf5000)]
  0x00007f6b24001000 JavaThread "Keep-Alive-SocketCleaner" daemon [_thread_blocked, id=29589, stack(0x00007f6aa204e000,0x00007f6aa214f000)]
  0x00007f6ac02df000 JavaThread "ForkJoinPool.commonPool-worker-5" daemon [_thread_blocked, id=30046, stack(0x00007f6ac9cf5000,0x00007f6ac9df6000)]
  0x00007f6ac00fc000 JavaThread "ForkJoinPool.commonPool-worker-15" daemon [_thread_blocked, id=30155, stack(0x00007f6aa254f000,0x00007f6aa2650000)]
  0x00007f6a3c006800 JavaThread "Worker-26" [_thread_blocked, id=30272, stack(0x00007f6aa2c50000,0x00007f6aa2d51000)]
  0x00007f6a3c00a800 JavaThread "Worker-28" [_thread_blocked, id=30559, stack(0x00007f6ac8192000,0x00007f6ac8293000)]
  0x00007f6a84011800 JavaThread "Worker-30" [_thread_blocked, id=30608, stack(0x00007f6acadfc000,0x00007f6acaefd000)]
  0x00007f6ac02f5800 JavaThread "ForkJoinPool.commonPool-worker-1" daemon [_thread_blocked, id=30635, stack(0x00007f6aa2e52000,0x00007f6aa2f53000)]
  0x00007f6a8400f800 JavaThread "Worker-31" [_thread_blocked, id=30691, stack(0x00007f6aa1326000,0x00007f6aa1427000)]
  0x00007f6a98010800 JavaThread "pool-30-thread-1" [_thread_blocked, id=30754, stack(0x00007f6aa1427000,0x00007f6aa1528000)]
  0x00007f6a40014800 JavaThread "pool-31-thread-1" [_thread_blocked, id=30755, stack(0x00007f6aa0e23000,0x00007f6aa0f24000)]

Other Threads:
=>0x00007f6b6c1a9800 VMThread "VM Thread" [stack: 0x00007f6b46ff6000,0x00007f6b470f6000] [id=28061]
  0x00007f6b6c395800 WatcherThread [stack: 0x00007f6b45ee4000,0x00007f6b45fe4000] [id=28071]
  0x00007f6b6c03b800 GCTaskThread "GC Thread#0" [stack: 0x00007f6b70bf6000,0x00007f6b70cf6000] [id=28055]
  0x00007f6b2c001000 GCTaskThread "GC Thread#1" [stack: 0x00007f6b45ae1000,0x00007f6b45be1000] [id=28075]
  0x00007f6b2c008000 GCTaskThread "GC Thread#2" [stack: 0x00007f6b44acb000,0x00007f6b44bcb000] [id=28098]
  0x00007f6b2c009800 GCTaskThread "GC Thread#3" [stack: 0x00007f6b449c9000,0x00007f6b44ac9000] [id=28099]
  0x00007f6b2c00b000 GCTaskThread "GC Thread#4" [stack: 0x00007f6b448c7000,0x00007f6b449c7000] [id=28100]
  0x00007f6b2c00c800 GCTaskThread "GC Thread#5" [stack: 0x00007f6b447c5000,0x00007f6b448c5000] [id=28101]
  0x00007f6b2c00e000 GCTaskThread "GC Thread#6" [stack: 0x00007f6b446c3000,0x00007f6b447c3000] [id=28102]
  0x00007f6b2c00f800 GCTaskThread "GC Thread#7" [stack: 0x00007f6b445c1000,0x00007f6b446c1000] [id=28103]
  0x00007f6b6c057000 ConcurrentGCThread "G1 Main Marker" [stack: 0x00007f6b700ec000,0x00007f6b701ec000] [id=28056]
  0x00007f6b6c059000 ConcurrentGCThread "G1 Conc#0" [stack: 0x00007f6b54457000,0x00007f6b54557000] [id=28057]
  0x00007f6b48001000 ConcurrentGCThread "G1 Conc#1" [stack: 0x00007f6b444bf000,0x00007f6b445bf000] [id=28104]
  0x00007f6b6c0dc800 ConcurrentGCThread "G1 Refine#0" [stack: 0x00007f6b47afc000,0x00007f6b47bfc000] [id=28058]
  0x00007f6b3c005000 ConcurrentGCThread "G1 Refine#1" [stack: 0x00007f6ac95ac000,0x00007f6ac96ac000] [id=28134]
  0x00007f6a80183800 ConcurrentGCThread "G1 Refine#2" [stack: 0x00007f6ac94aa000,0x00007f6ac95aa000] [id=28148]
  0x00007f6ab0255000 ConcurrentGCThread "G1 Refine#3" [stack: 0x00007f6ac93a8000,0x00007f6ac94a8000] [id=28149]
  0x00007f6b6c0de800 ConcurrentGCThread "G1 Young RemSet Sampling" [stack: 0x00007f6b479fa000,0x00007f6b47afa000] [id=28059]
  0x00007f6b6c0e6000 ConcurrentGCThread "StrDedup" [stack: 0x00007f6b478f8000,0x00007f6b479f8000] [id=28060]

Threads with active compile tasks:
C2 CompilerThread023381       4       org.eclipse.jdt.core.dom.TypeBinding::getName (510 bytes)

VM state:at safepoint (normal execution)

VM Mutex/Monitor currently owned by a thread:  ([mutex/lock_event])
[0x00007f6b6c00f370] Threads_lock - owner thread: 0x00007f6b6c1a9800
[0x00007f6b6c00fac0] Heap_lock - owner thread: 0x00007f6ac02f5800

Heap address: 0x00000000c0000000, size: 1024 MB, Compressed Oops mode: 32-bit
Narrow klass base: 0x0000000000000000, Narrow klass shift: 3
Compressed class space size: 1073741824 Address: 0x0000000100000000

Heap:
 garbage-first heap   total 553984K, used 125606K [0x00000000c0000000, 0x0000000100000000)
  region size 1024K, 6 young (6144K), 6 survivors (6144K)
 Metaspace       used 87662K, capacity 91592K, committed 92416K, reserved 1132544K
  class space    used 8114K, capacity 9533K, committed 9728K, reserved 1048576K
Heap Regions: E=young(eden), S=young(survivor), O=old, HS=humongous(starts), HC=humongous(continues), CS=collection set, F=free, A=archive, TAMS=top-at-mark-start (previous, next)
|   0|0x00000000c0000000, 0x00000000c0100000, 0x00000000c0100000|100%| O|  |TAMS 0x00000000c0100000, 0x00000000c0000000| Complete 
|   1|0x00000000c0100000, 0x00000000c0200000, 0x00000000c0200000|100%| O|  |TAMS 0x00000000c0200000, 0x00000000c0100000| Complete 
|   2|0x00000000c0200000, 0x00000000c0300000, 0x00000000c0300000|100%| O|  |TAMS 0x00000000c0300000, 0x00000000c0200000| Untracked 
|   3|0x00000000c0300000, 0x00000000c0400000, 0x00000000c0400000|100%| O|  |TAMS 0x00000000c0400000, 0x00000000c0300000| Untracked 
|   4|0x00000000c0400000, 0x00000000c0500000, 0x00000000c0500000|100%| O|  |TAMS 0x00000000c0500000, 0x00000000c0400000| Untracked 
|   5|0x00000000c0500000, 0x00000000c0600000, 0x00000000c0600000|100%| O|  |TAMS 0x00000000c0600000, 0x00000000c0500000| Untracked 
|   6|0x00000000c0600000, 0x00000000c0700000, 0x00000000c0700000|100%| O|  |TAMS 0x00000000c0700000, 0x00000000c0600000| Untracked 
|   7|0x00000000c0700000, 0x00000000c0800000, 0x00000000c0800000|100%| O|  |TAMS 0x00000000c0800000, 0x00000000c0700000| Complete 
|   8|0x00000000c0800000, 0x00000000c0900000, 0x00000000c0900000|100%| O|  |TAMS 0x00000000c0900000, 0x00000000c0800000| Complete 
|   9|0x00000000c0900000, 0x00000000c0a00000, 0x00000000c0a00000|100%| O|  |TAMS 0x00000000c0a00000, 0x00000000c0900000| Complete 
|  10|0x00000000c0a00000, 0x00000000c0b00000, 0x00000000c0b00000|100%| O|  |TAMS 0x00000000c0b00000, 0x00000000c0a00000| Complete 
|  11|0x00000000c0b00000, 0x00000000c0c00000, 0x00000000c0c00000|100%| O|  |TAMS 0x00000000c0c00000, 0x00000000c0b00000| Complete 
|  12|0x00000000c0c00000, 0x00000000c0d00000, 0x00000000c0d00000|100%| O|  |TAMS 0x00000000c0d00000, 0x00000000c0c00000| Complete 
|  13|0x00000000c0d00000, 0x00000000c0e00000, 0x00000000c0e00000|100%| O|  |TAMS 0x00000000c0e00000, 0x00000000c0d00000| Untracked 
|  14|0x00000000c0e00000, 0x00000000c0f00000, 0x00000000c0f00000|100%| O|  |TAMS 0x00000000c0f00000, 0x00000000c0e00000| Untracked 
|  15|0x00000000c0f00000, 0x00000000c1000000, 0x00000000c1000000|100%| O|  |TAMS 0x00000000c1000000, 0x00000000c0f00000| Complete 
|  16|0x00000000c1000000, 0x00000000c1100000, 0x00000000c1100000|100%|HS|  |TAMS 0x00000000c1100000, 0x00000000c1000000| Complete 
|  17|0x00000000c1100000, 0x00000000c1200000, 0x00000000c1200000|100%| O|  |TAMS 0x00000000c1200000, 0x00000000c1100000| Complete 
|  18|0x00000000c1200000, 0x00000000c1300000, 0x00000000c1300000|100%| O|  |TAMS 0x00000000c1300000, 0x00000000c1200000| Complete 
|  19|0x00000000c1300000, 0x00000000c1400000, 0x00000000c1400000|100%| O|  |TAMS 0x00000000c1400000, 0x00000000c1300000| Untracked 
|  20|0x00000000c1400000, 0x00000000c1500000, 0x00000000c1500000|100%| O|  |TAMS 0x00000000c1500000, 0x00000000c1400000| Untracked 
|  21|0x00000000c1500000, 0x00000000c1600000, 0x00000000c1600000|100%| O|  |TAMS 0x00000000c1600000, 0x00000000c1500000| Untracked 
|  22|0x00000000c1600000, 0x00000000c1700000, 0x00000000c1700000|100%| O|  |TAMS 0x00000000c1700000, 0x00000000c1600000| Untracked 
|  23|0x00000000c1700000, 0x00000000c1800000, 0x00000000c1800000|100%| O|  |TAMS 0x00000000c1800000, 0x00000000c1700000| Untracked 
|  24|0x00000000c1800000, 0x00000000c1900000, 0x00000000c1900000|100%| O|  |TAMS 0x00000000c1900000, 0x00000000c1800000| Untracked 
|  25|0x00000000c1900000, 0x00000000c1a00000, 0x00000000c1a00000|100%| O|  |TAMS 0x00000000c1a00000, 0x00000000c1900000| Untracked 
|  26|0x00000000c1a00000, 0x00000000c1b00000, 0x00000000c1b00000|100%| O|  |TAMS 0x00000000c1b00000, 0x00000000c1a00000| Untracked 
|  27|0x00000000c1b00000, 0x00000000c1c00000, 0x00000000c1c00000|100%| O|  |TAMS 0x00000000c1c00000, 0x00000000c1b00000| Untracked 
|  28|0x00000000c1c00000, 0x00000000c1d00000, 0x00000000c1d00000|100%| O|  |TAMS 0x00000000c1d00000, 0x00000000c1c00000| Untracked 
|  29|0x00000000c1d00000, 0x00000000c1e00000, 0x00000000c1e00000|100%| O|  |TAMS 0x00000000c1e00000, 0x00000000c1d00000| Untracked 
|  30|0x00000000c1e00000, 0x00000000c1f00000, 0x00000000c1f00000|100%| O|  |TAMS 0x00000000c1f00000, 0x00000000c1e00000| Untracked 
|  31|0x00000000c1f00000, 0x00000000c2000000, 0x00000000c2000000|100%| O|  |TAMS 0x00000000c2000000, 0x00000000c1f00000| Complete 
|  32|0x00000000c2000000, 0x00000000c2100000, 0x00000000c2100000|100%| O|  |TAMS 0x00000000c2100000, 0x00000000c2000000| Untracked 
|  33|0x00000000c2100000, 0x00000000c2200000, 0x00000000c2200000|100%| O|  |TAMS 0x00000000c2200000, 0x00000000c2100000| Untracked 
|  34|0x00000000c2200000, 0x00000000c2300000, 0x00000000c2300000|100%| O|  |TAMS 0x00000000c2300000, 0x00000000c2200000| Untracked 
|  35|0x00000000c2300000, 0x00000000c2400000, 0x00000000c2400000|100%| O|  |TAMS 0x00000000c2400000, 0x00000000c2300000| Untracked 
|  36|0x00000000c2400000, 0x00000000c2500000, 0x00000000c2500000|100%| O|  |TAMS 0x00000000c2500000, 0x00000000c2400000| Untracked 
|  37|0x00000000c2500000, 0x00000000c2600000, 0x00000000c2600000|100%| O|  |TAMS 0x00000000c2600000, 0x00000000c2500000| Complete 
|  38|0x00000000c2600000, 0x00000000c2700000, 0x00000000c2700000|100%| O|  |TAMS 0x00000000c2700000, 0x00000000c2600000| Untracked 
|  39|0x00000000c2700000, 0x00000000c2800000, 0x00000000c2800000|100%| O|  |TAMS 0x00000000c2800000, 0x00000000c2700000| Complete 
|  40|0x00000000c2800000, 0x00000000c2900000, 0x00000000c2900000|100%| O|  |TAMS 0x00000000c2900000, 0x00000000c2800000| Complete 
|  41|0x00000000c2900000, 0x00000000c2a00000, 0x00000000c2a00000|100%| O|  |TAMS 0x00000000c2a00000, 0x00000000c2900000| Untracked 
|  42|0x00000000c2a00000, 0x00000000c2b00000, 0x00000000c2b00000|100%| O|  |TAMS 0x00000000c2b00000, 0x00000000c2a00000| Complete 
|  43|0x00000000c2b00000, 0x00000000c2c00000, 0x00000000c2c00000|100%| O|  |TAMS 0x00000000c2c00000, 0x00000000c2b00000| Untracked 
|  44|0x00000000c2c00000, 0x00000000c2d00000, 0x00000000c2d00000|100%| O|  |TAMS 0x00000000c2d00000, 0x00000000c2c00000| Untracked 
|  45|0x00000000c2d00000, 0x00000000c2e00000, 0x00000000c2e00000|100%| O|  |TAMS 0x00000000c2e00000, 0x00000000c2d00000| Untracked 
|  46|0x00000000c2e00000, 0x00000000c2f00000, 0x00000000c2f00000|100%| O|  |TAMS 0x00000000c2f00000, 0x00000000c2e00000| Complete 
|  47|0x00000000c2f00000, 0x00000000c3000000, 0x00000000c3000000|100%| O|  |TAMS 0x00000000c3000000, 0x00000000c2f00000| Untracked 
|  48|0x00000000c3000000, 0x00000000c3100000, 0x00000000c3100000|100%|HS|  |TAMS 0x00000000c3100000, 0x00000000c3000000| Complete 
|  49|0x00000000c3100000, 0x00000000c3200000, 0x00000000c3200000|100%| O|  |TAMS 0x00000000c3200000, 0x00000000c3100000| Complete 
|  50|0x00000000c3200000, 0x00000000c3300000, 0x00000000c3300000|100%| O|  |TAMS 0x00000000c3300000, 0x00000000c3200000| Untracked 
|  51|0x00000000c3300000, 0x00000000c3400000, 0x00000000c3400000|100%| O|  |TAMS 0x00000000c3400000, 0x00000000c3300000| Complete 
|  52|0x00000000c3400000, 0x00000000c3500000, 0x00000000c3500000|100%| O|  |TAMS 0x00000000c3500000, 0x00000000c3400000| Untracked 
|  53|0x00000000c3500000, 0x00000000c3600000, 0x00000000c3600000|100%| O|  |TAMS 0x00000000c3600000, 0x00000000c3500000| Complete 
|  54|0x00000000c3600000, 0x00000000c3700000, 0x00000000c3700000|100%| O|  |TAMS 0x00000000c3700000, 0x00000000c3600000| Untracked 
|  55|0x00000000c3700000, 0x00000000c3800000, 0x00000000c3800000|100%| O|  |TAMS 0x00000000c3800000, 0x00000000c3700000| Complete 
|  56|0x00000000c3800000, 0x00000000c3900000, 0x00000000c3900000|100%| O|  |TAMS 0x00000000c3900000, 0x00000000c3800000| Untracked 
|  57|0x00000000c3900000, 0x00000000c3a00000, 0x00000000c3a00000|100%| O|  |TAMS 0x00000000c3a00000, 0x00000000c3900000| Untracked 
|  58|0x00000000c3a00000, 0x00000000c3b00000, 0x00000000c3b00000|100%| O|  |TAMS 0x00000000c3b00000, 0x00000000c3a00000| Untracked 
|  59|0x00000000c3b00000, 0x00000000c3c00000, 0x00000000c3c00000|100%| O|  |TAMS 0x00000000c3c00000, 0x00000000c3b00000| Complete 
|  60|0x00000000c3c00000, 0x00000000c3d00000, 0x00000000c3d00000|100%| O|  |TAMS 0x00000000c3d00000, 0x00000000c3c00000| Untracked 
|  61|0x00000000c3d00000, 0x00000000c3e00000, 0x00000000c3e00000|100%| O|  |TAMS 0x00000000c3e00000, 0x00000000c3d00000| Untracked 
|  62|0x00000000c3e00000, 0x00000000c3f00000, 0x00000000c3f00000|100%| O|  |TAMS 0x00000000c3f00000, 0x00000000c3e00000| Untracked 
|  63|0x00000000c3f00000, 0x00000000c4000000, 0x00000000c4000000|100%| O|  |TAMS 0x00000000c4000000, 0x00000000c3f00000| Untracked 
|  64|0x00000000c4000000, 0x00000000c4100000, 0x00000000c4100000|100%| O|  |TAMS 0x00000000c4100000, 0x00000000c4000000| Untracked 
|  65|0x00000000c4100000, 0x00000000c41a9a00, 0x00000000c4200000| 66%| O|  |TAMS 0x00000000c4186800, 0x00000000c4100000| Untracked 
|  66|0x00000000c4200000, 0x00000000c4300000, 0x00000000c4300000|100%| O|  |TAMS 0x00000000c4300000, 0x00000000c4200000| Untracked 
|  67|0x00000000c4300000, 0x00000000c4400000, 0x00000000c4400000|100%| O|  |TAMS 0x00000000c4400000, 0x00000000c4300000| Untracked 
|  68|0x00000000c4400000, 0x00000000c4500000, 0x00000000c4500000|100%| O|  |TAMS 0x00000000c4500000, 0x00000000c4400000| Untracked 
|  69|0x00000000c4500000, 0x00000000c4600000, 0x00000000c4600000|100%| O|  |TAMS 0x00000000c4600000, 0x00000000c4500000| Untracked 
|  70|0x00000000c4600000, 0x00000000c4700000, 0x00000000c4700000|100%| O|  |TAMS 0x00000000c4700000, 0x00000000c4600000| Untracked 
|  71|0x00000000c4700000, 0x00000000c4800000, 0x00000000c4800000|100%| O|  |TAMS 0x00000000c4800000, 0x00000000c4700000| Untracked 
|  72|0x00000000c4800000, 0x00000000c4900000, 0x00000000c4900000|100%| O|  |TAMS 0x00000000c4900000, 0x00000000c4800000| Untracked 
|  73|0x00000000c4900000, 0x00000000c4900000, 0x00000000c4a00000|  0%| F|  |TAMS 0x00000000c4900000, 0x00000000c4900000| Untracked 
|  74|0x00000000c4a00000, 0x00000000c4b00000, 0x00000000c4b00000|100%| O|  |TAMS 0x00000000c4b00000, 0x00000000c4a00000| Untracked 
|  75|0x00000000c4b00000, 0x00000000c4c00000, 0x00000000c4c00000|100%| O|  |TAMS 0x00000000c4c00000, 0x00000000c4b00000| Untracked 
|  76|0x00000000c4c00000, 0x00000000c4d00000, 0x00000000c4d00000|100%| O|  |TAMS 0x00000000c4d00000, 0x00000000c4c00000| Untracked 
|  77|0x00000000c4d00000, 0x00000000c4d00000, 0x00000000c4e00000|  0%| F|  |TAMS 0x00000000c4d00000, 0x00000000c4d00000| Untracked 
|  78|0x00000000c4e00000, 0x00000000c4f00000, 0x00000000c4f00000|100%| O|  |TAMS 0x00000000c4f00000, 0x00000000c4e00000| Complete 
|  79|0x00000000c4f00000, 0x00000000c5000000, 0x00000000c5000000|100%| O|  |TAMS 0x00000000c5000000, 0x00000000c4f00000| Untracked 
|  80|0x00000000c5000000, 0x00000000c5100000, 0x00000000c5100000|100%| O|  |TAMS 0x00000000c5100000, 0x00000000c5000000| Complete 
|  81|0x00000000c5100000, 0x00000000c5200000, 0x00000000c5200000|100%| O|  |TAMS 0x00000000c5200000, 0x00000000c5100000| Untracked 
|  82|0x00000000c5200000, 0x00000000c5300000, 0x00000000c5300000|100%| O|  |TAMS 0x00000000c5300000, 0x00000000c5200000| Untracked 
|  83|0x00000000c5300000, 0x00000000c5400000, 0x00000000c5400000|100%| O|  |TAMS 0x00000000c5400000, 0x00000000c5300000| Untracked 
|  84|0x00000000c5400000, 0x00000000c5500000, 0x00000000c5500000|100%| O|  |TAMS 0x00000000c5500000, 0x00000000c5400000| Complete 
|  85|0x00000000c5500000, 0x00000000c5600000, 0x00000000c5600000|100%| O|  |TAMS 0x00000000c5600000, 0x00000000c5500000| Complete 
|  86|0x00000000c5600000, 0x00000000c5700000, 0x00000000c5700000|100%| O|  |TAMS 0x00000000c5700000, 0x00000000c5600000| Complete 
|  87|0x00000000c5700000, 0x00000000c5800000, 0x00000000c5800000|100%| O|  |TAMS 0x00000000c5800000, 0x00000000c5700000| Untracked 
|  88|0x00000000c5800000, 0x00000000c5900000, 0x00000000c5900000|100%| O|  |TAMS 0x00000000c5900000, 0x00000000c5800000| Untracked 
|  89|0x00000000c5900000, 0x00000000c5a00000, 0x00000000c5a00000|100%| O|  |TAMS 0x00000000c5a00000, 0x00000000c5900000| Untracked 
|  90|0x00000000c5a00000, 0x00000000c5b00000, 0x00000000c5b00000|100%| O|  |TAMS 0x00000000c5b00000, 0x00000000c5a00000| Untracked 
|  91|0x00000000c5b00000, 0x00000000c5c00000, 0x00000000c5c00000|100%| O|  |TAMS 0x00000000c5c00000, 0x00000000c5b00000| Untracked 
|  92|0x00000000c5c00000, 0x00000000c5d00000, 0x00000000c5d00000|100%| O|  |TAMS 0x00000000c5d00000, 0x00000000c5c00000| Untracked 
|  93|0x00000000c5d00000, 0x00000000c5e00000, 0x00000000c5e00000|100%| O|  |TAMS 0x00000000c5e00000, 0x00000000c5d00000| Untracked 
|  94|0x00000000c5e00000, 0x00000000c5f00000, 0x00000000c5f00000|100%| O|  |TAMS 0x00000000c5f00000, 0x00000000c5e00000| Untracked 
|  95|0x00000000c5f00000, 0x00000000c6000000, 0x00000000c6000000|100%| O|  |TAMS 0x00000000c6000000, 0x00000000c5f00000| Untracked 
|  96|0x00000000c6000000, 0x00000000c6100000, 0x00000000c6100000|100%| O|  |TAMS 0x00000000c6100000, 0x00000000c6000000| Untracked 
|  97|0x00000000c6100000, 0x00000000c6200000, 0x00000000c6200000|100%| O|  |TAMS 0x00000000c6200000, 0x00000000c6100000| Untracked 
|  98|0x00000000c6200000, 0x00000000c6300000, 0x00000000c6300000|100%| O|  |TAMS 0x00000000c6300000, 0x00000000c6200000| Untracked 
|  99|0x00000000c6300000, 0x00000000c6400000, 0x00000000c6400000|100%| O|  |TAMS 0x00000000c6400000, 0x00000000c6300000| Untracked 
| 100|0x00000000c6400000, 0x00000000c6500000, 0x00000000c6500000|100%| O|  |TAMS 0x00000000c6500000, 0x00000000c6400000| Complete 
| 101|0x00000000c6500000, 0x00000000c6600000, 0x00000000c6600000|100%| O|  |TAMS 0x00000000c6600000, 0x00000000c6500000| Complete 
| 102|0x00000000c6600000, 0x00000000c6700000, 0x00000000c6700000|100%| O|  |TAMS 0x00000000c6700000, 0x00000000c6600000| Untracked 
| 103|0x00000000c6700000, 0x00000000c6800000, 0x00000000c6800000|100%| O|  |TAMS 0x00000000c6800000, 0x00000000c6700000| Untracked 
| 104|0x00000000c6800000, 0x00000000c6800000, 0x00000000c6900000|  0%| F|  |TAMS 0x00000000c6800000, 0x00000000c6800000| Untracked 
| 105|0x00000000c6900000, 0x00000000c6a00000, 0x00000000c6a00000|100%| O|  |TAMS 0x00000000c6a00000, 0x00000000c6900000| Complete 
| 106|0x00000000c6a00000, 0x00000000c6a00000, 0x00000000c6b00000|  0%| F|  |TAMS 0x00000000c6a00000, 0x00000000c6a00000| Untracked 
| 107|0x00000000c6b00000, 0x00000000c6c00000, 0x00000000c6c00000|100%| O|  |TAMS 0x00000000c6c00000, 0x00000000c6b00000| Complete 
| 108|0x00000000c6c00000, 0x00000000c6d00000, 0x00000000c6d00000|100%| O|  |TAMS 0x00000000c6d00000, 0x00000000c6c00000| Complete 
| 109|0x00000000c6d00000, 0x00000000c6e00000, 0x00000000c6e00000|100%| O|  |TAMS 0x00000000c6e00000, 0x00000000c6d00000| Complete 
| 110|0x00000000c6e00000, 0x00000000c6f00000, 0x00000000c6f00000|100%| O|  |TAMS 0x00000000c6f00000, 0x00000000c6e00000| Complete 
| 111|0x00000000c6f00000, 0x00000000c7000000, 0x00000000c7000000|100%| O|  |TAMS 0x00000000c7000000, 0x00000000c6f00000| Complete 
| 112|0x00000000c7000000, 0x00000000c7100000, 0x00000000c7100000|100%| O|  |TAMS 0x00000000c7100000, 0x00000000c7000000| Complete 
| 113|0x00000000c7100000, 0x00000000c7200000, 0x00000000c7200000|100%| O|  |TAMS 0x00000000c7200000, 0x00000000c7100000| Untracked 
| 114|0x00000000c7200000, 0x00000000c7200000, 0x00000000c7300000|  0%| F|  |TAMS 0x00000000c7200000, 0x00000000c7200000| Untracked 
| 115|0x00000000c7300000, 0x00000000c7300000, 0x00000000c7400000|  0%| F|  |TAMS 0x00000000c7300000, 0x00000000c7300000| Untracked 
| 116|0x00000000c7400000, 0x00000000c7400000, 0x00000000c7500000|  0%| F|  |TAMS 0x00000000c7400000, 0x00000000c7400000| Untracked 
| 117|0x00000000c7500000, 0x00000000c7500000, 0x00000000c7600000|  0%| F|  |TAMS 0x00000000c7500000, 0x00000000c7500000| Untracked 
| 118|0x00000000c7600000, 0x00000000c7600000, 0x00000000c7700000|  0%| F|  |TAMS 0x00000000c7600000, 0x00000000c7600000| Untracked 
| 119|0x00000000c7700000, 0x00000000c7700000, 0x00000000c7800000|  0%| F|  |TAMS 0x00000000c7700000, 0x00000000c7700000| Untracked 
| 120|0x00000000c7800000, 0x00000000c7800000, 0x00000000c7900000|  0%| F|  |TAMS 0x00000000c7800000, 0x00000000c7800000| Untracked 
| 121|0x00000000c7900000, 0x00000000c7900000, 0x00000000c7a00000|  0%| F|  |TAMS 0x00000000c7900000, 0x00000000c7900000| Untracked 
| 122|0x00000000c7a00000, 0x00000000c7a00000, 0x00000000c7b00000|  0%| F|  |TAMS 0x00000000c7a00000, 0x00000000c7a00000| Untracked 
| 123|0x00000000c7b00000, 0x00000000c7b00000, 0x00000000c7c00000|  0%| F|  |TAMS 0x00000000c7b00000, 0x00000000c7b00000| Untracked 
| 124|0x00000000c7c00000, 0x00000000c7c00000, 0x00000000c7d00000|  0%| F|  |TAMS 0x00000000c7c00000, 0x00000000c7c00000| Untracked 
| 125|0x00000000c7d00000, 0x00000000c7d00000, 0x00000000c7e00000|  0%| F|  |TAMS 0x00000000c7d00000, 0x00000000c7d00000| Untracked 
| 126|0x00000000c7e00000, 0x00000000c7e00000, 0x00000000c7f00000|  0%| F|  |TAMS 0x00000000c7e00000, 0x00000000c7e00000| Untracked 
| 127|0x00000000c7f00000, 0x00000000c7f00000, 0x00000000c8000000|  0%| F|  |TAMS 0x00000000c7f00000, 0x00000000c7f00000| Untracked 
| 128|0x00000000c8000000, 0x00000000c8100000, 0x00000000c8100000|100%| O|  |TAMS 0x00000000c8100000, 0x00000000c8000000| Complete 
| 129|0x00000000c8100000, 0x00000000c8200000, 0x00000000c8200000|100%| O|  |TAMS 0x00000000c8200000, 0x00000000c8100000| Complete 
| 130|0x00000000c8200000, 0x00000000c8300000, 0x00000000c8300000|100%| O|  |TAMS 0x00000000c8300000, 0x00000000c8200000| Complete 
| 131|0x00000000c8300000, 0x00000000c8400000, 0x00000000c8400000|100%| O|  |TAMS 0x00000000c8400000, 0x00000000c8300000| Complete 
| 132|0x00000000c8400000, 0x00000000c8400000, 0x00000000c8500000|  0%| F|  |TAMS 0x00000000c8400000, 0x00000000c8400000| Untracked 
| 133|0x00000000c8500000, 0x00000000c8600000, 0x00000000c8600000|100%| O|  |TAMS 0x00000000c8600000, 0x00000000c8500000| Complete 
| 134|0x00000000c8600000, 0x00000000c8600000, 0x00000000c8700000|  0%| F|  |TAMS 0x00000000c8600000, 0x00000000c8600000| Untracked 
| 135|0x00000000c8700000, 0x00000000c8700000, 0x00000000c8800000|  0%| F|  |TAMS 0x00000000c8700000, 0x00000000c8700000| Untracked 
| 136|0x00000000c8800000, 0x00000000c8800000, 0x00000000c8900000|  0%| F|  |TAMS 0x00000000c8800000, 0x00000000c8800000| Untracked 
| 137|0x00000000c8900000, 0x00000000c8900000, 0x00000000c8a00000|  0%| F|  |TAMS 0x00000000c8900000, 0x00000000c8900000| Untracked 
| 138|0x00000000c8a00000, 0x00000000c8a00000, 0x00000000c8b00000|  0%| F|  |TAMS 0x00000000c8a00000, 0x00000000c8a00000| Untracked 
| 139|0x00000000c8b00000, 0x00000000c8b00000, 0x00000000c8c00000|  0%| F|  |TAMS 0x00000000c8b00000, 0x00000000c8b00000| Untracked 
| 140|0x00000000c8c00000, 0x00000000c8c00000, 0x00000000c8d00000|  0%| F|  |TAMS 0x00000000c8c00000, 0x00000000c8c00000| Untracked 
| 141|0x00000000c8d00000, 0x00000000c8d00000, 0x00000000c8e00000|  0%| F|  |TAMS 0x00000000c8d00000, 0x00000000c8d00000| Untracked 
| 142|0x00000000c8e00000, 0x00000000c8e00000, 0x00000000c8f00000|  0%| F|  |TAMS 0x00000000c8e00000, 0x00000000c8e00000| Untracked 
| 143|0x00000000c8f00000, 0x00000000c8f00000, 0x00000000c9000000|  0%| F|  |TAMS 0x00000000c8f00000, 0x00000000c8f00000| Untracked 
| 144|0x00000000c9000000, 0x00000000c9000000, 0x00000000c9100000|  0%| F|  |TAMS 0x00000000c9000000, 0x00000000c9000000| Untracked 
| 145|0x00000000c9100000, 0x00000000c9100000, 0x00000000c9200000|  0%| F|  |TAMS 0x00000000c9100000, 0x00000000c9100000| Untracked 
| 146|0x00000000c9200000, 0x00000000c9200000, 0x00000000c9300000|  0%| F|  |TAMS 0x00000000c9200000, 0x00000000c9200000| Untracked 
| 147|0x00000000c9300000, 0x00000000c9300000, 0x00000000c9400000|  0%| F|  |TAMS 0x00000000c9300000, 0x00000000c9300000| Untracked 
| 148|0x00000000c9400000, 0x00000000c9500000, 0x00000000c9500000|100%| O|  |TAMS 0x00000000c9500000, 0x00000000c9400000| Untracked 
| 149|0x00000000c9500000, 0x00000000c9500000, 0x00000000c9600000|  0%| F|  |TAMS 0x00000000c9500000, 0x00000000c9500000| Untracked 
| 150|0x00000000c9600000, 0x00000000c9600000, 0x00000000c9700000|  0%| F|  |TAMS 0x00000000c9600000, 0x00000000c9600000| Untracked 
| 151|0x00000000c9700000, 0x00000000c9700000, 0x00000000c9800000|  0%| F|  |TAMS 0x00000000c9700000, 0x00000000c9700000| Untracked 
| 152|0x00000000c9800000, 0x00000000c9900000, 0x00000000c9900000|100%| O|  |TAMS 0x00000000c9900000, 0x00000000c9800000| Complete 
| 153|0x00000000c9900000, 0x00000000c9900000, 0x00000000c9a00000|  0%| F|  |TAMS 0x00000000c9900000, 0x00000000c9900000| Untracked 
| 154|0x00000000c9a00000, 0x00000000c9a00000, 0x00000000c9b00000|  0%| F|  |TAMS 0x00000000c9a00000, 0x00000000c9a00000| Untracked 
| 155|0x00000000c9b00000, 0x00000000c9b00000, 0x00000000c9c00000|  0%| F|  |TAMS 0x00000000c9b00000, 0x00000000c9b00000| Untracked 
| 156|0x00000000c9c00000, 0x00000000c9c00000, 0x00000000c9d00000|  0%| F|  |TAMS 0x00000000c9c00000, 0x00000000c9c00000| Untracked 
| 157|0x00000000c9d00000, 0x00000000c9d00000, 0x00000000c9e00000|  0%| F|  |TAMS 0x00000000c9d00000, 0x00000000c9d00000| Untracked 
| 158|0x00000000c9e00000, 0x00000000c9e00000, 0x00000000c9f00000|  0%| F|  |TAMS 0x00000000c9e00000, 0x00000000c9e00000| Untracked 
| 159|0x00000000c9f00000, 0x00000000c9f00000, 0x00000000ca000000|  0%| F|  |TAMS 0x00000000c9f00000, 0x00000000c9f00000| Untracked 
| 160|0x00000000ca000000, 0x00000000ca000000, 0x00000000ca100000|  0%| F|  |TAMS 0x00000000ca000000, 0x00000000ca000000| Untracked 
| 161|0x00000000ca100000, 0x00000000ca100000, 0x00000000ca200000|  0%| F|  |TAMS 0x00000000ca100000, 0x00000000ca100000| Untracked 
| 162|0x00000000ca200000, 0x00000000ca200000, 0x00000000ca300000|  0%| F|  |TAMS 0x00000000ca200000, 0x00000000ca200000| Untracked 
| 163|0x00000000ca300000, 0x00000000ca400000, 0x00000000ca400000|100%| S|CS|TAMS 0x00000000ca300000, 0x00000000ca300000| Complete 
| 164|0x00000000ca400000, 0x00000000ca500000, 0x00000000ca500000|100%| S|CS|TAMS 0x00000000ca400000, 0x00000000ca400000| Complete 
| 165|0x00000000ca500000, 0x00000000ca600000, 0x00000000ca600000|100%| S|CS|TAMS 0x00000000ca500000, 0x00000000ca500000| Complete 
| 166|0x00000000ca600000, 0x00000000ca700000, 0x00000000ca700000|100%| S|CS|TAMS 0x00000000ca600000, 0x00000000ca600000| Complete 
| 167|0x00000000ca700000, 0x00000000ca800000, 0x00000000ca800000|100%| S|CS|TAMS 0x00000000ca700000, 0x00000000ca700000| Complete 
| 168|0x00000000ca800000, 0x00000000ca900000, 0x00000000ca900000|100%| S|CS|TAMS 0x00000000ca800000, 0x00000000ca800000| Complete 
| 169|0x00000000ca900000, 0x00000000ca900000, 0x00000000caa00000|  0%| F|  |TAMS 0x00000000ca900000, 0x00000000ca900000| Untracked 
| 170|0x00000000caa00000, 0x00000000caa00000, 0x00000000cab00000|  0%| F|  |TAMS 0x00000000caa00000, 0x00000000caa00000| Untracked 
| 171|0x00000000cab00000, 0x00000000cab00000, 0x00000000cac00000|  0%| F|  |TAMS 0x00000000cab00000, 0x00000000cab00000| Untracked 
| 172|0x00000000cac00000, 0x00000000cac00000, 0x00000000cad00000|  0%| F|  |TAMS 0x00000000cac00000, 0x00000000cac00000| Untracked 
| 173|0x00000000cad00000, 0x00000000cad00000, 0x00000000cae00000|  0%| F|  |TAMS 0x00000000cad00000, 0x00000000cad00000| Untracked 
| 174|0x00000000cae00000, 0x00000000cae00000, 0x00000000caf00000|  0%| F|  |TAMS 0x00000000cae00000, 0x00000000cae00000| Untracked 
| 175|0x00000000caf00000, 0x00000000caf00000, 0x00000000cb000000|  0%| F|  |TAMS 0x00000000caf00000, 0x00000000caf00000| Untracked 
| 176|0x00000000cb000000, 0x00000000cb000000, 0x00000000cb100000|  0%| F|  |TAMS 0x00000000cb000000, 0x00000000cb000000| Untracked 
| 177|0x00000000cb100000, 0x00000000cb100000, 0x00000000cb200000|  0%| F|  |TAMS 0x00000000cb100000, 0x00000000cb100000| Untracked 
| 178|0x00000000cb200000, 0x00000000cb200000, 0x00000000cb300000|  0%| F|  |TAMS 0x00000000cb200000, 0x00000000cb200000| Untracked 
| 179|0x00000000cb300000, 0x00000000cb300000, 0x00000000cb400000|  0%| F|  |TAMS 0x00000000cb300000, 0x00000000cb300000| Untracked 
| 180|0x00000000cb400000, 0x00000000cb400000, 0x00000000cb500000|  0%| F|  |TAMS 0x00000000cb400000, 0x00000000cb400000| Untracked 
| 181|0x00000000cb500000, 0x00000000cb500000, 0x00000000cb600000|  0%| F|  |TAMS 0x00000000cb500000, 0x00000000cb500000| Untracked 
| 182|0x00000000cb600000, 0x00000000cb600000, 0x00000000cb700000|  0%| F|  |TAMS 0x00000000cb600000, 0x00000000cb600000| Untracked 
| 183|0x00000000cb700000, 0x00000000cb700000, 0x00000000cb800000|  0%| F|  |TAMS 0x00000000cb700000, 0x00000000cb700000| Untracked 
| 184|0x00000000cb800000, 0x00000000cb800000, 0x00000000cb900000|  0%| F|  |TAMS 0x00000000cb800000, 0x00000000cb800000| Untracked 
| 185|0x00000000cb900000, 0x00000000cb900000, 0x00000000cba00000|  0%| F|  |TAMS 0x00000000cb900000, 0x00000000cb900000| Untracked 
| 186|0x00000000cba00000, 0x00000000cba00000, 0x00000000cbb00000|  0%| F|  |TAMS 0x00000000cba00000, 0x00000000cba00000| Untracked 
| 187|0x00000000cbb00000, 0x00000000cbb00000, 0x00000000cbc00000|  0%| F|  |TAMS 0x00000000cbb00000, 0x00000000cbb00000| Untracked 
| 188|0x00000000cbc00000, 0x00000000cbc00000, 0x00000000cbd00000|  0%| F|  |TAMS 0x00000000cbc00000, 0x00000000cbc00000| Untracked 
| 189|0x00000000cbd00000, 0x00000000cbd00000, 0x00000000cbe00000|  0%| F|  |TAMS 0x00000000cbd00000, 0x00000000cbd00000| Untracked 
| 190|0x00000000cbe00000, 0x00000000cbe00000, 0x00000000cbf00000|  0%| F|  |TAMS 0x00000000cbe00000, 0x00000000cbe00000| Untracked 
| 191|0x00000000cbf00000, 0x00000000cbf00000, 0x00000000cc000000|  0%| F|  |TAMS 0x00000000cbf00000, 0x00000000cbf00000| Untracked 
| 192|0x00000000cc000000, 0x00000000cc000000, 0x00000000cc100000|  0%| F|  |TAMS 0x00000000cc000000, 0x00000000cc000000| Untracked 
| 193|0x00000000cc100000, 0x00000000cc100000, 0x00000000cc200000|  0%| F|  |TAMS 0x00000000cc100000, 0x00000000cc100000| Untracked 
| 194|0x00000000cc200000, 0x00000000cc200000, 0x00000000cc300000|  0%| F|  |TAMS 0x00000000cc200000, 0x00000000cc200000| Untracked 
| 195|0x00000000cc300000, 0x00000000cc300000, 0x00000000cc400000|  0%| F|  |TAMS 0x00000000cc300000, 0x00000000cc300000| Untracked 
| 196|0x00000000cc400000, 0x00000000cc400000, 0x00000000cc500000|  0%| F|  |TAMS 0x00000000cc400000, 0x00000000cc400000| Untracked 
| 197|0x00000000cc500000, 0x00000000cc500000, 0x00000000cc600000|  0%| F|  |TAMS 0x00000000cc500000, 0x00000000cc500000| Untracked 
| 198|0x00000000cc600000, 0x00000000cc600000, 0x00000000cc700000|  0%| F|  |TAMS 0x00000000cc600000, 0x00000000cc600000| Untracked 
| 199|0x00000000cc700000, 0x00000000cc700000, 0x00000000cc800000|  0%| F|  |TAMS 0x00000000cc700000, 0x00000000cc700000| Untracked 
| 200|0x00000000cc800000, 0x00000000cc800000, 0x00000000cc900000|  0%| F|  |TAMS 0x00000000cc800000, 0x00000000cc800000| Untracked 
| 201|0x00000000cc900000, 0x00000000cc900000, 0x00000000cca00000|  0%| F|  |TAMS 0x00000000cc900000, 0x00000000cc900000| Untracked 
| 202|0x00000000cca00000, 0x00000000cca00000, 0x00000000ccb00000|  0%| F|  |TAMS 0x00000000cca00000, 0x00000000cca00000| Untracked 
| 203|0x00000000ccb00000, 0x00000000ccb00000, 0x00000000ccc00000|  0%| F|  |TAMS 0x00000000ccb00000, 0x00000000ccb00000| Untracked 
| 204|0x00000000ccc00000, 0x00000000ccc00000, 0x00000000ccd00000|  0%| F|  |TAMS 0x00000000ccc00000, 0x00000000ccc00000| Untracked 
| 205|0x00000000ccd00000, 0x00000000ccd00000, 0x00000000cce00000|  0%| F|  |TAMS 0x00000000ccd00000, 0x00000000ccd00000| Untracked 
| 206|0x00000000cce00000, 0x00000000cce00000, 0x00000000ccf00000|  0%| F|  |TAMS 0x00000000cce00000, 0x00000000cce00000| Untracked 
| 207|0x00000000ccf00000, 0x00000000ccf00000, 0x00000000cd000000|  0%| F|  |TAMS 0x00000000ccf00000, 0x00000000ccf00000| Untracked 
| 208|0x00000000cd000000, 0x00000000cd000000, 0x00000000cd100000|  0%| F|  |TAMS 0x00000000cd000000, 0x00000000cd000000| Untracked 
| 209|0x00000000cd100000, 0x00000000cd100000, 0x00000000cd200000|  0%| F|  |TAMS 0x00000000cd100000, 0x00000000cd100000| Untracked 
| 210|0x00000000cd200000, 0x00000000cd200000, 0x00000000cd300000|  0%| F|  |TAMS 0x00000000cd200000, 0x00000000cd200000| Untracked 
| 211|0x00000000cd300000, 0x00000000cd300000, 0x00000000cd400000|  0%| F|  |TAMS 0x00000000cd300000, 0x00000000cd300000| Untracked 
| 212|0x00000000cd400000, 0x00000000cd400000, 0x00000000cd500000|  0%| F|  |TAMS 0x00000000cd400000, 0x00000000cd400000| Untracked 
| 213|0x00000000cd500000, 0x00000000cd500000, 0x00000000cd600000|  0%| F|  |TAMS 0x00000000cd500000, 0x00000000cd500000| Untracked 
| 214|0x00000000cd600000, 0x00000000cd600000, 0x00000000cd700000|  0%| F|  |TAMS 0x00000000cd600000, 0x00000000cd600000| Untracked 
| 215|0x00000000cd700000, 0x00000000cd700000, 0x00000000cd800000|  0%| F|  |TAMS 0x00000000cd700000, 0x00000000cd700000| Untracked 
| 216|0x00000000cd800000, 0x00000000cd800000, 0x00000000cd900000|  0%| F|  |TAMS 0x00000000cd800000, 0x00000000cd800000| Untracked 
| 217|0x00000000cd900000, 0x00000000cd900000, 0x00000000cda00000|  0%| F|  |TAMS 0x00000000cd900000, 0x00000000cd900000| Untracked 
| 218|0x00000000cda00000, 0x00000000cda00000, 0x00000000cdb00000|  0%| F|  |TAMS 0x00000000cda00000, 0x00000000cda00000| Untracked 
| 219|0x00000000cdb00000, 0x00000000cdb00000, 0x00000000cdc00000|  0%| F|  |TAMS 0x00000000cdb00000, 0x00000000cdb00000| Untracked 
| 220|0x00000000cdc00000, 0x00000000cdc00000, 0x00000000cdd00000|  0%| F|  |TAMS 0x00000000cdc00000, 0x00000000cdc00000| Untracked 
| 221|0x00000000cdd00000, 0x00000000cdd00000, 0x00000000cde00000|  0%| F|  |TAMS 0x00000000cdd00000, 0x00000000cdd00000| Untracked 
| 222|0x00000000cde00000, 0x00000000cde00000, 0x00000000cdf00000|  0%| F|  |TAMS 0x00000000cde00000, 0x00000000cde00000| Untracked 
| 223|0x00000000cdf00000, 0x00000000cdf00000, 0x00000000ce000000|  0%| F|  |TAMS 0x00000000cdf00000, 0x00000000cdf00000| Untracked 
| 224|0x00000000ce000000, 0x00000000ce000000, 0x00000000ce100000|  0%| F|  |TAMS 0x00000000ce000000, 0x00000000ce000000| Untracked 
| 225|0x00000000ce100000, 0x00000000ce100000, 0x00000000ce200000|  0%| F|  |TAMS 0x00000000ce100000, 0x00000000ce100000| Untracked 
| 226|0x00000000ce200000, 0x00000000ce200000, 0x00000000ce300000|  0%| F|  |TAMS 0x00000000ce200000, 0x00000000ce200000| Untracked 
| 227|0x00000000ce300000, 0x00000000ce300000, 0x00000000ce400000|  0%| F|  |TAMS 0x00000000ce300000, 0x00000000ce300000| Untracked 
| 228|0x00000000ce400000, 0x00000000ce400000, 0x00000000ce500000|  0%| F|  |TAMS 0x00000000ce400000, 0x00000000ce400000| Untracked 
| 229|0x00000000ce500000, 0x00000000ce500000, 0x00000000ce600000|  0%| F|  |TAMS 0x00000000ce500000, 0x00000000ce500000| Untracked 
| 230|0x00000000ce600000, 0x00000000ce600000, 0x00000000ce700000|  0%| F|  |TAMS 0x00000000ce600000, 0x00000000ce600000| Untracked 
| 231|0x00000000ce700000, 0x00000000ce700000, 0x00000000ce800000|  0%| F|  |TAMS 0x00000000ce700000, 0x00000000ce700000| Untracked 
| 232|0x00000000ce800000, 0x00000000ce800000, 0x00000000ce900000|  0%| F|  |TAMS 0x00000000ce800000, 0x00000000ce800000| Untracked 
| 233|0x00000000ce900000, 0x00000000ce900000, 0x00000000cea00000|  0%| F|  |TAMS 0x00000000ce900000, 0x00000000ce900000| Untracked 
| 234|0x00000000cea00000, 0x00000000cea00000, 0x00000000ceb00000|  0%| F|  |TAMS 0x00000000cea00000, 0x00000000cea00000| Untracked 
| 235|0x00000000ceb00000, 0x00000000ceb00000, 0x00000000cec00000|  0%| F|  |TAMS 0x00000000ceb00000, 0x00000000ceb00000| Untracked 
| 236|0x00000000cec00000, 0x00000000cec00000, 0x00000000ced00000|  0%| F|  |TAMS 0x00000000cec00000, 0x00000000cec00000| Untracked 
| 237|0x00000000ced00000, 0x00000000ced00000, 0x00000000cee00000|  0%| F|  |TAMS 0x00000000ced00000, 0x00000000ced00000| Untracked 
| 238|0x00000000cee00000, 0x00000000cee00000, 0x00000000cef00000|  0%| F|  |TAMS 0x00000000cee00000, 0x00000000cee00000| Untracked 

Card table byte_map: [0x00007f6b54757000,0x00007f6b54957000] _byte_map_base: 0x00007f6b54157000

Marking Bits (Prev, Next): (CMBitMap*) 0x00007f6b6c052570, (CMBitMap*) 0x00007f6b6c052538
 Prev Bits: [0x00007f6b4e000000, 0x00007f6b4f000000)
 Next Bits: [0x00007f6b4f000000, 0x00007f6b50000000)

Polling page: 0x00007f6b74a0c000

Metaspace:

Usage:
  Non-class:     80.14 MB capacity,    77.68 MB ( 97%) used,     2.27 MB (  3%) free+waste,   185.25 KB ( <1%) overhead. 
      Class:      9.31 MB capacity,     7.92 MB ( 85%) used,     1.31 MB ( 14%) free+waste,    77.25 KB ( <1%) overhead. 
       Both:     89.45 MB capacity,    85.61 MB ( 96%) used,     3.58 MB (  4%) free+waste,   262.50 KB ( <1%) overhead. 

Virtual space:
  Non-class space:       82.00 MB reserved,      80.75 MB ( 98%) committed 
      Class space:        1.00 GB reserved,       9.50 MB ( <1%) committed 
             Both:        1.08 GB reserved,      90.25 MB (  8%) committed 

Chunk freelists:
   Non-Class:  557.00 KB
       Class:  163.00 KB
        Both:  720.00 KB

CodeHeap 'non-profiled nmethods': size=120032Kb used=21451Kb max_used=21451Kb free=98580Kb
 bounds [0x00007f6b5c41f000, 0x00007f6b5d91f000, 0x00007f6b63957000]
CodeHeap 'profiled nmethods': size=120028Kb used=42005Kb max_used=42005Kb free=78022Kb
 bounds [0x00007f6b54ee8000, 0x00007f6b57858000, 0x00007f6b5c41f000]
CodeHeap 'non-nmethods': size=5700Kb used=1332Kb max_used=1400Kb free=4367Kb
 bounds [0x00007f6b54957000, 0x00007f6b54bc7000, 0x00007f6b54ee8000]
 total_blobs=32385 nmethods=16820 adapters=678
 compilation: enabled
              stopped_count=0, restarted_count=0
 full_count=0

Compilation events (10 events):
Event: 2717.370 Thread 0x00007f6b6c1d7000 nmethod 23377 0x00007f6b57845510 code [0x00007f6b578456e0, 0x00007f6b578459b0]
Event: 2717.376 Thread 0x00007f6b6c1d7000 23378       3       java.util.ArrayList::trimToSize (51 bytes)
Event: 2717.377 Thread 0x00007f6b6c1d7000 nmethod 23378 0x00007f6b57845b10 code [0x00007f6b57845ce0, 0x00007f6b57846008]
Event: 2717.393 Thread 0x00007f6b6c1d7000 23379       3       org.eclipse.jdt.internal.compiler.lookup.BinaryTypeBinding::clone (65 bytes)
Event: 2717.394 Thread 0x00007f6b6c1d7000 nmethod 23379 0x00007f6b57846110 code [0x00007f6b578462e0, 0x00007f6b578466c8]
Event: 2717.394 Thread 0x00007f6b6c1d7000 23380       3       org.eclipse.jdt.internal.compiler.lookup.BinaryTypeBinding::<init> (108 bytes)
Event: 2717.395 Thread 0x00007f6b6c1d7000 nmethod 23380 0x00007f6b57846790 code [0x00007f6b57846980, 0x00007f6b57846f88]
Event: 2717.402 Thread 0x00007f6b6c1d4800 23381       4       org.eclipse.jdt.core.dom.TypeBinding::getName (510 bytes)
Event: 2717.424 Thread 0x00007f6b6c1d7000 23383       3       org.eclipse.jdt.ls.core.internal.text.correction.SourceAssistProcessor::getHashCodeEqualsAction (96 bytes)
Event: 2717.425 Thread 0x00007f6b6c1d7000 nmethod 23383 0x00007f6b57847090 code [0x00007f6b57847420, 0x00007f6b57848da8]

GC Heap History (10 events):
Event: 2712.328 GC heap after
{Heap after GC invocations=876 (full 0):
 garbage-first heap   total 244736K, used 127590K [0x00000000c0000000, 0x0000000100000000)
  region size 1024K, 9 young (9216K), 9 survivors (9216K)
 Metaspace       used 87654K, capacity 91592K, committed 92416K, reserved 1132544K
  class space    used 8114K, capacity 9533K, committed 9728K, reserved 1048576K
}
Event: 2712.834 GC heap before
{Heap before GC invocations=877 (full 0):
 garbage-first heap   total 244736K, used 188006K [0x00000000c0000000, 0x0000000100000000)
  region size 1024K, 68 young (69632K), 9 survivors (9216K)
 Metaspace       used 87654K, capacity 91592K, committed 92416K, reserved 1132544K
  class space    used 8114K, capacity 9533K, committed 9728K, reserved 1048576K
}
Event: 2712.843 GC heap after
{Heap after GC invocations=878 (full 0):
 garbage-first heap   total 244736K, used 121347K [0x00000000c0000000, 0x0000000100000000)
  region size 1024K, 3 young (3072K), 3 survivors (3072K)
 Metaspace       used 87654K, capacity 91592K, committed 92416K, reserved 1132544K
  class space    used 8114K, capacity 9533K, committed 9728K, reserved 1048576K
}
Event: 2712.865 GC heap before
{Heap before GC invocations=878 (full 0):
 garbage-first heap   total 244736K, used 129539K [0x00000000c0000000, 0x0000000100000000)
  region size 1024K, 11 young (11264K), 3 survivors (3072K)
 Metaspace       used 87654K, capacity 91592K, committed 92416K, reserved 1132544K
  class space    used 8114K, capacity 9533K, committed 9728K, reserved 1048576K
}
Event: 2712.870 GC heap after
{Heap after GC invocations=879 (full 0):
 garbage-first heap   total 244736K, used 119941K [0x00000000c0000000, 0x0000000100000000)
  region size 1024K, 1 young (1024K), 1 survivors (1024K)
 Metaspace       used 87654K, capacity 91592K, committed 92416K, reserved 1132544K
  class space    used 8114K, capacity 9533K, committed 9728K, reserved 1048576K
}
Event: 2714.857 GC heap before
{Heap before GC invocations=879 (full 0):
 garbage-first heap   total 244736K, used 187525K [0x00000000c0000000, 0x0000000100000000)
  region size 1024K, 68 young (69632K), 1 survivors (1024K)
 Metaspace       used 87659K, capacity 91592K, committed 92416K, reserved 1132544K
  class space    used 8114K, capacity 9533K, committed 9728K, reserved 1048576K
}
Event: 2714.879 GC heap after
{Heap after GC invocations=880 (full 0):
 garbage-first heap   total 244736K, used 120478K [0x00000000c0000000, 0x0000000100000000)
  region size 1024K, 2 young (2048K), 2 survivors (2048K)
 Metaspace       used 87659K, capacity 91592K, committed 92416K, reserved 1132544K
  class space    used 8114K, capacity 9533K, committed 9728K, reserved 1048576K
}
Event: 2715.071 GC heap before
{Heap before GC invocations=880 (full 0):
 garbage-first heap   total 244736K, used 195230K [0x00000000c0000000, 0x0000000100000000)
  region size 1024K, 76 young (77824K), 2 survivors (2048K)
 Metaspace       used 87659K, capacity 91592K, committed 92416K, reserved 1132544K
  class space    used 8114K, capacity 9533K, committed 9728K, reserved 1048576K
}
Event: 2715.094 GC heap after
{Heap after GC invocations=881 (full 0):
 garbage-first heap   total 244736K, used 124884K [0x00000000c0000000, 0x0000000100000000)
  region size 1024K, 6 young (6144K), 6 survivors (6144K)
 Metaspace       used 87659K, capacity 91592K, committed 92416K, reserved 1132544K
  class space    used 8114K, capacity 9533K, committed 9728K, reserved 1048576K
}
Event: 2717.432 GC heap before
{Heap before GC invocations=882 (full 0):
 garbage-first heap   total 244736K, used 196564K [0x00000000c0000000, 0x0000000100000000)
  region size 1024K, 76 young (77824K), 6 survivors (6144K)
 Metaspace       used 87662K, capacity 91592K, committed 92416K, reserved 1132544K
  class space    used 8114K, capacity 9533K, committed 9728K, reserved 1048576K
}

Deoptimization events (10 events):
Event: 2711.742 Thread 0x00007f6a84011800 DEOPT PACKING pc=0x00007f6b5cb81248 sp=0x00007f6acaefa820
Event: 2711.742 Thread 0x00007f6a84011800 DEOPT UNPACKING pc=0x00007f6b5497f6a5 sp=0x00007f6acaefa7d0 mode 2
Event: 2711.823 Thread 0x00007f6ac00eb000 Uncommon trap: trap_request=0xffffffde fr.pc=0x00007f6b5cb81248 relative=0x0000000000001548
Event: 2711.823 Thread 0x00007f6ac00eb000 Uncommon trap: reason=class_check action=maybe_recompile pc=0x00007f6b5cb81248 method=org.eclipse.jdt.internal.compiler.codegen.ConstantPool.putInCacheIfAbsent([C[C[CI)I @ 111 c2
Event: 2711.823 Thread 0x00007f6ac00eb000 DEOPT PACKING pc=0x00007f6b5cb81248 sp=0x00007f6acbcfc500
Event: 2711.823 Thread 0x00007f6ac00eb000 DEOPT UNPACKING pc=0x00007f6b5497f6a5 sp=0x00007f6acbcfc4b0 mode 2
Event: 2713.371 Thread 0x00007f6ac00fc000 Uncommon trap: trap_request=0xffffffcc fr.pc=0x00007f6b5d90eb98 relative=0x0000000000000158
Event: 2713.371 Thread 0x00007f6ac00fc000 Uncommon trap: reason=intrinsic_or_type_checked_inlining action=make_not_entrant pc=0x00007f6b5d90eb98 method=org.eclipse.core.internal.resources.WorkspaceRoot.getProjects(I)[Lorg/eclipse/core/resources/IProject; @ 8 c2
Event: 2713.371 Thread 0x00007f6ac00fc000 DEOPT PACKING pc=0x00007f6b5d90eb98 sp=0x00007f6aa264d9c0
Event: 2713.371 Thread 0x00007f6ac00fc000 DEOPT UNPACKING pc=0x00007f6b5497f6a5 sp=0x00007f6aa264d938 mode 2

Classes redefined (0 events):
No events

Internal exceptions (10 events):
Event: 2715.676 Thread 0x00007f6ac02f5800 Implicit null exception at 0x00007f6b5653df74 to 0x00007f6b5653e4d6
Event: 2715.676 Thread 0x00007f6ac02f5800 Exception <a 'java/lang/NullPointerException'{0x00000000cd3095e0}> (0x00000000cd3095e0) thrown at [/data/home/jenkins/workspace/build-scripts/jobs/jdk11u/jdk11u-linux-x64-hotspot/workspace/build/src/src/hotspot/share/runtime/sharedRuntime.cpp, line 584]
Event: 2715.676 Thread 0x00007f6ac02f5800 Implicit null exception at 0x00007f6b5653df74 to 0x00007f6b5653e4d6
Event: 2715.676 Thread 0x00007f6ac02f5800 Exception <a 'java/lang/NullPointerException'{0x00000000cd3098b0}> (0x00000000cd3098b0) thrown at [/data/home/jenkins/workspace/build-scripts/jobs/jdk11u/jdk11u-linux-x64-hotspot/workspace/build/src/src/hotspot/share/runtime/sharedRuntime.cpp, line 584]
Event: 2717.399 Thread 0x00007f6ac02f5800 Implicit null exception at 0x00007f6b5653df74 to 0x00007f6b5653e4d6
Event: 2717.399 Thread 0x00007f6ac02f5800 Exception <a 'java/lang/NullPointerException'{0x00000000cba6ff20}> (0x00000000cba6ff20) thrown at [/data/home/jenkins/workspace/build-scripts/jobs/jdk11u/jdk11u-linux-x64-hotspot/workspace/build/src/src/hotspot/share/runtime/sharedRuntime.cpp, line 584]
Event: 2717.410 Thread 0x00007f6ac02f5800 Implicit null exception at 0x00007f6b5653df74 to 0x00007f6b5653e4d6
Event: 2717.410 Thread 0x00007f6ac02f5800 Exception <a 'java/lang/NullPointerException'{0x00000000cb72a5e8}> (0x00000000cb72a5e8) thrown at [/data/home/jenkins/workspace/build-scripts/jobs/jdk11u/jdk11u-linux-x64-hotspot/workspace/build/src/src/hotspot/share/runtime/sharedRuntime.cpp, line 584]
Event: 2717.410 Thread 0x00007f6ac02f5800 Implicit null exception at 0x00007f6b5653df74 to 0x00007f6b5653e4d6
Event: 2717.410 Thread 0x00007f6ac02f5800 Exception <a 'java/lang/NullPointerException'{0x00000000cb72a8b8}> (0x00000000cb72a8b8) thrown at [/data/home/jenkins/workspace/build-scripts/jobs/jdk11u/jdk11u-linux-x64-hotspot/workspace/build/src/src/hotspot/share/runtime/sharedRuntime.cpp, line 584]

Events (10 events):
Event: 2715.200 Executing VM operation: RevokeBias done
Event: 2715.200 Thread 0x00007f6ab4378800 Thread exited: 0x00007f6ab4378800
Event: 2715.669 Executing VM operation: RevokeBias
Event: 2715.669 Executing VM operation: RevokeBias done
Event: 2717.363 Executing VM operation: RevokeBias
Event: 2717.363 Executing VM operation: RevokeBias done
Event: 2717.363 Thread 0x00007f6a981e2800 Thread exited: 0x00007f6a981e2800
Event: 2717.367 Executing VM operation: RevokeBias
Event: 2717.367 Executing VM operation: RevokeBias done
Event: 2717.432 Executing VM operation: G1CollectForAllocation


Dynamic libraries:
00400000-00401000 r-xp 00000000 08:13 1454809                            /home/ashish/java-11/jdk-11.0.4+11/bin/java
00600000-00601000 r--p 00000000 08:13 1454809                            /home/ashish/java-11/jdk-11.0.4+11/bin/java
00601000-00602000 rw-p 00001000 08:13 1454809                            /home/ashish/java-11/jdk-11.0.4+11/bin/java
01967000-01988000 rw-p 00000000 00:00 0                                  [heap]
c0000000-cef00000 rw-p 00000000 00:00 0 
e1d00000-100000000 ---p 00000000 00:00 0 
100000000-100980000 rw-p 00000000 00:00 0 
100980000-140000000 ---p 00000000 00:00 0 
7f6a2c000000-7f6a2f5a0000 rw-p 00000000 00:00 0 
7f6a2f5a0000-7f6a30000000 ---p 00000000 00:00 0 
7f6a34000000-7f6a3402e000 rw-p 00000000 00:00 0 
7f6a3402e000-7f6a38000000 ---p 00000000 00:00 0 
7f6a3c000000-7f6a3c518000 rw-p 00000000 00:00 0 
7f6a3c518000-7f6a40000000 ---p 00000000 00:00 0 
7f6a40000000-7f6a4008e000 rw-p 00000000 00:00 0 
7f6a4008e000-7f6a44000000 ---p 00000000 00:00 0 
7f6a44000000-7f6a45277000 rw-p 00000000 00:00 0 
7f6a45277000-7f6a48000000 ---p 00000000 00:00 0 
7f6a48000000-7f6a48089000 rw-p 00000000 00:00 0 
7f6a48089000-7f6a4c000000 ---p 00000000 00:00 0 
7f6a4c000000-7f6a4c021000 rw-p 00000000 00:00 0 
7f6a4c021000-7f6a50000000 ---p 00000000 00:00 0 
7f6a50000000-7f6a50021000 rw-p 00000000 00:00 0 
7f6a50021000-7f6a54000000 ---p 00000000 00:00 0 
7f6a54000000-7f6a54126000 rw-p 00000000 00:00 0 
7f6a54126000-7f6a58000000 ---p 00000000 00:00 0 
7f6a58000000-7f6a58021000 rw-p 00000000 00:00 0 
7f6a58021000-7f6a5c000000 ---p 00000000 00:00 0 
7f6a5c000000-7f6a5dda0000 rw-p 00000000 00:00 0 
7f6a5dda0000-7f6a60000000 ---p 00000000 00:00 0 
7f6a60000000-7f6a60021000 rw-p 00000000 00:00 0 
7f6a60021000-7f6a64000000 ---p 00000000 00:00 0 
7f6a64000000-7f6a64021000 rw-p 00000000 00:00 0 
7f6a64021000-7f6a68000000 ---p 00000000 00:00 0 
7f6a68000000-7f6a6a364000 rw-p 00000000 00:00 0 
7f6a6a364000-7f6a6c000000 ---p 00000000 00:00 0 
7f6a6c000000-7f6a6c021000 rw-p 00000000 00:00 0 
7f6a6c021000-7f6a70000000 ---p 00000000 00:00 0 
7f6a70000000-7f6a70079000 rw-p 00000000 00:00 0 
7f6a70079000-7f6a74000000 ---p 00000000 00:00 0 
7f6a74000000-7f6a759bf000 rw-p 00000000 00:00 0 
7f6a759bf000-7f6a78000000 ---p 00000000 00:00 0 
7f6a78000000-7f6a786f5000 rw-p 00000000 00:00 0 
7f6a786f5000-7f6a7c000000 ---p 00000000 00:00 0 
7f6a7c000000-7f6a7c0dc000 rw-p 00000000 00:00 0 
7f6a7c0dc000-7f6a80000000 ---p 00000000 00:00 0 
7f6a80000000-7f6a80199000 rw-p 00000000 00:00 0 
7f6a80199000-7f6a84000000 ---p 00000000 00:00 0 
7f6a84000000-7f6a8414c000 rw-p 00000000 00:00 0 
7f6a8414c000-7f6a88000000 ---p 00000000 00:00 0 
7f6a8b996000-7f6a94000000 r--s 00000000 08:13 662435                     /usr/lib/jvm/java-11-openjdk-amd64/lib/modules
7f6a94000000-7f6a94021000 rw-p 00000000 00:00 0 
7f6a94021000-7f6a98000000 ---p 00000000 00:00 0 
7f6a98000000-7f6a98212000 rw-p 00000000 00:00 0 
7f6a98212000-7f6a9c000000 ---p 00000000 00:00 0 
7f6a9c000000-7f6a9cfb4000 rw-p 00000000 00:00 0 
7f6a9cfb4000-7f6aa0000000 ---p 00000000 00:00 0 
7f6aa031c000-7f6aa0320000 ---p 00000000 00:00 0 
7f6aa0320000-7f6aa041d000 rw-p 00000000 00:00 0 
7f6aa041d000-7f6aa0421000 ---p 00000000 00:00 0 
7f6aa0421000-7f6aa051e000 rw-p 00000000 00:00 0 
7f6aa051e000-7f6aa0522000 ---p 00000000 00:00 0 
7f6aa0522000-7f6aa061f000 rw-p 00000000 00:00 0 
7f6aa061f000-7f6aa0623000 ---p 00000000 00:00 0 
7f6aa0623000-7f6aa0720000 rw-p 00000000 00:00 0 
7f6aa0720000-7f6aa0724000 ---p 00000000 00:00 0 
7f6aa0724000-7f6aa0821000 rw-p 00000000 00:00 0 
7f6aa0821000-7f6aa0825000 ---p 00000000 00:00 0 
7f6aa0825000-7f6aa09e2000 rw-p 00000000 00:00 0 
7f6aa09e2000-7f6aa0b22000 ---p 00000000 00:00 0 
7f6aa0b22000-7f6aa0d22000 rw-p 00000000 00:00 0 
7f6aa0d22000-7f6aa0d26000 ---p 00000000 00:00 0 
7f6aa0d26000-7f6aa0e23000 rw-p 00000000 00:00 0 
7f6aa0e23000-7f6aa0e27000 ---p 00000000 00:00 0 
7f6aa0e27000-7f6aa0f24000 rw-p 00000000 00:00 0 
7f6aa0f24000-7f6aa0f28000 ---p 00000000 00:00 0 
7f6aa0f28000-7f6aa1025000 rw-p 00000000 00:00 0 
7f6aa1025000-7f6aa1029000 ---p 00000000 00:00 0 
7f6aa1029000-7f6aa1326000 rw-p 00000000 00:00 0 
7f6aa1326000-7f6aa132a000 ---p 00000000 00:00 0 
7f6aa132a000-7f6aa1427000 rw-p 00000000 00:00 0 
7f6aa1427000-7f6aa142b000 ---p 00000000 00:00 0 
7f6aa142b000-7f6aa1528000 rw-p 00000000 00:00 0 
7f6aa1528000-7f6aa152c000 ---p 00000000 00:00 0 
7f6aa152c000-7f6aa1829000 rw-p 00000000 00:00 0 
7f6aa1829000-7f6aa1840000 r-xp 00000000 08:13 921499                     /lib/x86_64-linux-gnu/libresolv-2.27.so
7f6aa1840000-7f6aa1a40000 ---p 00017000 08:13 921499                     /lib/x86_64-linux-gnu/libresolv-2.27.so
7f6aa1a40000-7f6aa1a41000 r--p 00017000 08:13 921499                     /lib/x86_64-linux-gnu/libresolv-2.27.so
7f6aa1a41000-7f6aa1a42000 rw-p 00018000 08:13 921499                     /lib/x86_64-linux-gnu/libresolv-2.27.so
7f6aa1a42000-7f6aa1a44000 rw-p 00000000 00:00 0 
7f6aa1a44000-7f6aa1a49000 r-xp 00000000 08:13 921448                     /lib/x86_64-linux-gnu/libnss_dns-2.27.so
7f6aa1a49000-7f6aa1c49000 ---p 00005000 08:13 921448                     /lib/x86_64-linux-gnu/libnss_dns-2.27.so
7f6aa1c49000-7f6aa1c4a000 r--p 00005000 08:13 921448                     /lib/x86_64-linux-gnu/libnss_dns-2.27.so
7f6aa1c4a000-7f6aa1c4b000 rw-p 00006000 08:13 921448                     /lib/x86_64-linux-gnu/libnss_dns-2.27.so
7f6aa1c4b000-7f6aa1c4d000 r-xp 00000000 08:13 921456                     /lib/x86_64-linux-gnu/libnss_mdns4_minimal.so.2
7f6aa1c4d000-7f6aa1e4c000 ---p 00002000 08:13 921456                     /lib/x86_64-linux-gnu/libnss_mdns4_minimal.so.2
7f6aa1e4c000-7f6aa1e4d000 r--p 00001000 08:13 921456                     /lib/x86_64-linux-gnu/libnss_mdns4_minimal.so.2
7f6aa1e4d000-7f6aa1e4e000 rw-p 00002000 08:13 921456                     /lib/x86_64-linux-gnu/libnss_mdns4_minimal.so.2
7f6aa1e4e000-7f6aa204e000 rw-p 00000000 00:00 0 
7f6aa204e000-7f6aa2052000 ---p 00000000 00:00 0 
7f6aa2052000-7f6aa234f000 rw-p 00000000 00:00 0 
7f6aa234f000-7f6aa254f000 rw-p 00000000 00:00 0 
7f6aa254f000-7f6aa2553000 ---p 00000000 00:00 0 
7f6aa2553000-7f6aa2850000 rw-p 00000000 00:00 0 
7f6aa2850000-7f6aa2a50000 rw-p 00000000 00:00 0 
7f6aa2a50000-7f6aa2c50000 rw-p 00000000 00:00 0 
7f6aa2c50000-7f6aa2c54000 ---p 00000000 00:00 0 
7f6aa2c54000-7f6aa2d51000 rw-p 00000000 00:00 0 
7f6aa2d51000-7f6aa2d55000 ---p 00000000 00:00 0 
7f6aa2d55000-7f6aa2e52000 rw-p 00000000 00:00 0 
7f6aa2e52000-7f6aa2e56000 ---p 00000000 00:00 0 
7f6aa2e56000-7f6aa2f53000 rw-p 00000000 00:00 0 
7f6aa2f53000-7f6aa2f57000 ---p 00000000 00:00 0 
7f6aa2f57000-7f6aa3054000 rw-p 00000000 00:00 0 
7f6aa3054000-7f6aa3058000 ---p 00000000 00:00 0 
7f6aa3058000-7f6aa3155000 rw-p 00000000 00:00 0 
7f6aa3155000-7f6aa3159000 ---p 00000000 00:00 0 
7f6aa3159000-7f6aa3456000 rw-p 00000000 00:00 0 
7f6aa3456000-7f6aa345a000 ---p 00000000 00:00 0 
7f6aa345a000-7f6aa3757000 rw-p 00000000 00:00 0 
7f6aa3757000-7f6aa3957000 rw-p 00000000 00:00 0 
7f6aa3957000-7f6aac000000 r--s 00000000 08:13 1471692                    /home/ashish/java-11/jdk-11.0.4+11/lib/modules
7f6aac000000-7f6aacf26000 rw-p 00000000 00:00 0 
7f6aacf26000-7f6ab0000000 ---p 00000000 00:00 0 
7f6ab0000000-7f6ab1021000 rw-p 00000000 00:00 0 
7f6ab1021000-7f6ab4000000 ---p 00000000 00:00 0 
7f6ab4000000-7f6ab5198000 rw-p 00000000 00:00 0 
7f6ab5198000-7f6ab8000000 ---p 00000000 00:00 0 
7f6ab8000000-7f6ab81b6000 rw-p 00000000 00:00 0 
7f6ab81b6000-7f6abc000000 ---p 00000000 00:00 0 
7f6abc000000-7f6abd09f000 rw-p 00000000 00:00 0 
7f6abd09f000-7f6ac0000000 ---p 00000000 00:00 0 
7f6ac0000000-7f6ac0375000 rw-p 00000000 00:00 0 
7f6ac0375000-7f6ac4000000 ---p 00000000 00:00 0 
7f6ac4000000-7f6ac4b52000 rw-p 00000000 00:00 0 
7f6ac4b52000-7f6ac8000000 ---p 00000000 00:00 0 
7f6ac8091000-7f6ac8095000 ---p 00000000 00:00 0 
7f6ac8095000-7f6ac8192000 rw-p 00000000 00:00 0 
7f6ac8192000-7f6ac8196000 ---p 00000000 00:00 0 
7f6ac8196000-7f6ac8493000 rw-p 00000000 00:00 0 
7f6ac8493000-7f6ac8497000 ---p 00000000 00:00 0 
7f6ac8497000-7f6ac8594000 rw-p 00000000 00:00 0 
7f6ac8594000-7f6ac8598000 ---p 00000000 00:00 0 
7f6ac8598000-7f6ac8695000 rw-p 00000000 00:00 0 
7f6ac8695000-7f6ac8699000 ---p 00000000 00:00 0 
7f6ac8699000-7f6ac8796000 rw-p 00000000 00:00 0 
7f6ac8796000-7f6ac8798000 r-xp 00000000 08:13 1468764                    /home/ashish/java-11/jdk-11.0.4+11/lib/libextnet.so
7f6ac8798000-7f6ac8997000 ---p 00002000 08:13 1468764                    /home/ashish/java-11/jdk-11.0.4+11/lib/libextnet.so
7f6ac8997000-7f6ac8998000 r--p 00001000 08:13 1468764                    /home/ashish/java-11/jdk-11.0.4+11/lib/libextnet.so
7f6ac8998000-7f6ac8999000 rw-p 00002000 08:13 1468764                    /home/ashish/java-11/jdk-11.0.4+11/lib/libextnet.so
7f6ac8999000-7f6ac8b99000 rw-p 00000000 00:00 0 
7f6ac8b99000-7f6ac8b9f000 r-xp 00000000 08:13 1468783                    /home/ashish/java-11/jdk-11.0.4+11/lib/libmanagement_ext.so
7f6ac8b9f000-7f6ac8d9e000 ---p 00006000 08:13 1468783                    /home/ashish/java-11/jdk-11.0.4+11/lib/libmanagement_ext.so
7f6ac8d9e000-7f6ac8d9f000 r--p 00005000 08:13 1468783                    /home/ashish/java-11/jdk-11.0.4+11/lib/libmanagement_ext.so
7f6ac8d9f000-7f6ac8da0000 rw-p 00006000 08:13 1468783                    /home/ashish/java-11/jdk-11.0.4+11/lib/libmanagement_ext.so
7f6ac8da0000-7f6ac8da4000 r-xp 00000000 08:13 1469778                    /home/ashish/java-11/jdk-11.0.4+11/lib/libmanagement.so
7f6ac8da4000-7f6ac8fa4000 ---p 00004000 08:13 1469778                    /home/ashish/java-11/jdk-11.0.4+11/lib/libmanagement.so
7f6ac8fa4000-7f6ac8fa5000 r--p 00004000 08:13 1469778                    /home/ashish/java-11/jdk-11.0.4+11/lib/libmanagement.so
7f6ac8fa5000-7f6ac8fa6000 rw-p 00005000 08:13 1469778                    /home/ashish/java-11/jdk-11.0.4+11/lib/libmanagement.so
7f6ac8fa6000-7f6ac91a6000 rw-p 00000000 00:00 0 
7f6ac91a6000-7f6ac93a6000 rw-p 00000000 00:00 0 
7f6ac93a6000-7f6ac93a7000 ---p 00000000 00:00 0 
7f6ac93a7000-7f6ac94a8000 rw-p 00000000 00:00 0 
7f6ac94a8000-7f6ac94a9000 ---p 00000000 00:00 0 
7f6ac94a9000-7f6ac95aa000 rw-p 00000000 00:00 0 
7f6ac95aa000-7f6ac95ab000 ---p 00000000 00:00 0 
7f6ac95ab000-7f6ac96ac000 rw-p 00000000 00:00 0 
7f6ac96ac000-7f6ac96ec000 r-xp 00000000 08:13 1468771                    /home/ashish/java-11/jdk-11.0.4+11/lib/libsunec.so
7f6ac96ec000-7f6ac98ec000 ---p 00040000 08:13 1468771                    /home/ashish/java-11/jdk-11.0.4+11/lib/libsunec.so
7f6ac98ec000-7f6ac98f1000 r--p 00040000 08:13 1468771                    /home/ashish/java-11/jdk-11.0.4+11/lib/libsunec.so
7f6ac98f1000-7f6ac98f3000 rw-p 00045000 08:13 1468771                    /home/ashish/java-11/jdk-11.0.4+11/lib/libsunec.so
7f6ac98f3000-7f6ac98f7000 ---p 00000000 00:00 0 
7f6ac98f7000-7f6ac9bf4000 rw-p 00000000 00:00 0 
7f6ac9bf4000-7f6ac9bf8000 ---p 00000000 00:00 0 
7f6ac9bf8000-7f6ac9cf5000 rw-p 00000000 00:00 0 
7f6ac9cf5000-7f6ac9cf9000 ---p 00000000 00:00 0 
7f6ac9cf9000-7f6ac9df6000 rw-p 00000000 00:00 0 
7f6ac9df6000-7f6ac9dfa000 ---p 00000000 00:00 0 
7f6ac9dfa000-7f6aca0f7000 rw-p 00000000 00:00 0 
7f6aca0f7000-7f6aca2f7000 rw-p 00000000 00:00 0 
7f6aca2f7000-7f6aca4f7000 rw-p 00000000 00:00 0 
7f6aca4f7000-7f6aca4fb000 ---p 00000000 00:00 0 
7f6aca4fb000-7f6aca7f8000 rw-p 00000000 00:00 0 
7f6aca7f8000-7f6aca7fc000 ---p 00000000 00:00 0 
7f6aca7fc000-7f6aca8f9000 rw-p 00000000 00:00 0 
7f6aca8f9000-7f6aca8fd000 ---p 00000000 00:00 0 
7f6aca8fd000-7f6aca9fa000 rw-p 00000000 00:00 0 
7f6aca9fa000-7f6aca9fe000 ---p 00000000 00:00 0 
7f6aca9fe000-7f6acaafb000 rw-p 00000000 00:00 0 
7f6acaafb000-7f6acaaff000 ---p 00000000 00:00 0 
7f6acaaff000-7f6acadfc000 rw-p 00000000 00:00 0 
7f6acadfc000-7f6acae00000 ---p 00000000 00:00 0 
7f6acae00000-7f6acaefd000 rw-p 00000000 00:00 0 
7f6acaefd000-7f6acaf01000 ---p 00000000 00:00 0 
7f6acaf01000-7f6acb1fe000 rw-p 00000000 00:00 0 
7f6acb1fe000-7f6acb3fe000 rw-p 00000000 00:00 0 
7f6acb3fe000-7f6acb5fe000 rw-p 00000000 00:00 0 
7f6acb5fe000-7f6acb7fe000 rw-p 00000000 00:00 0 
7f6acb7fe000-7f6acb9fe000 rw-p 00000000 00:00 0 
7f6acb9fe000-7f6acbbfe000 rw-p 00000000 00:00 0 
7f6acbbfe000-7f6acbc02000 ---p 00000000 00:00 0 
7f6acbc02000-7f6acbcff000 rw-p 00000000 00:00 0 
7f6acbcff000-7f6acbd03000 ---p 00000000 00:00 0 
7f6acbd03000-7f6acc000000 rw-p 00000000 00:00 0 
7f6acc000000-7f6acc29e000 rw-p 00000000 00:00 0 
7f6acc29e000-7f6ad0000000 ---p 00000000 00:00 0 
7f6ad0000000-7f6ad0021000 rw-p 00000000 00:00 0 
7f6ad0021000-7f6ad4000000 ---p 00000000 00:00 0 
7f6ad4000000-7f6ad4049000 rw-p 00000000 00:00 0 
7f6ad4049000-7f6ad8000000 ---p 00000000 00:00 0 
7f6ad8000000-7f6ad8162000 rw-p 00000000 00:00 0 
7f6ad8162000-7f6adc000000 ---p 00000000 00:00 0 
7f6adc000000-7f6adc062000 rw-p 00000000 00:00 0 
7f6adc062000-7f6ae0000000 ---p 00000000 00:00 0 
7f6ae0000000-7f6ae0065000 rw-p 00000000 00:00 0 
7f6ae0065000-7f6ae4000000 ---p 00000000 00:00 0 
7f6ae4000000-7f6ae4051000 rw-p 00000000 00:00 0 
7f6ae4051000-7f6ae8000000 ---p 00000000 00:00 0 
7f6ae8000000-7f6ae8066000 rw-p 00000000 00:00 0 
7f6ae8066000-7f6aec000000 ---p 00000000 00:00 0 
7f6aec000000-7f6aec36f000 rw-p 00000000 00:00 0 
7f6aec36f000-7f6af0000000 ---p 00000000 00:00 0 
7f6af0000000-7f6af0045000 rw-p 00000000 00:00 0 
7f6af0045000-7f6af4000000 ---p 00000000 00:00 0 
7f6af4000000-7f6af4021000 rw-p 00000000 00:00 0 
7f6af4021000-7f6af8000000 ---p 00000000 00:00 0 
7f6af8000000-7f6af8d07000 rw-p 00000000 00:00 0 
7f6af8d07000-7f6afc000000 ---p 00000000 00:00 0 
7f6afc000000-7f6afc0a9000 rw-p 00000000 00:00 0 
7f6afc0a9000-7f6b00000000 ---p 00000000 00:00 0 
7f6b00000000-7f6b00054000 rw-p 00000000 00:00 0 
7f6b00054000-7f6b04000000 ---p 00000000 00:00 0 
7f6b04000000-7f6b04021000 rw-p 00000000 00:00 0 
7f6b04021000-7f6b08000000 ---p 00000000 00:00 0 
7f6b08000000-7f6b087c3000 rw-p 00000000 00:00 0 
7f6b087c3000-7f6b0c000000 ---p 00000000 00:00 0 
7f6b0c000000-7f6b0c758000 rw-p 00000000 00:00 0 
7f6b0c758000-7f6b10000000 ---p 00000000 00:00 0 
7f6b10000000-7f6b10021000 rw-p 00000000 00:00 0 
7f6b10021000-7f6b14000000 ---p 00000000 00:00 0 
7f6b14000000-7f6b14259000 rw-p 00000000 00:00 0 
7f6b14259000-7f6b18000000 ---p 00000000 00:00 0 
7f6b18000000-7f6b18021000 rw-p 00000000 00:00 0 
7f6b18021000-7f6b1c000000 ---p 00000000 00:00 0 
7f6b1c000000-7f6b1ffff000 rw-p 00000000 00:00 0 
7f6b1ffff000-7f6b20000000 ---p 00000000 00:00 0 
7f6b20000000-7f6b213d6000 rw-p 00000000 00:00 0 
7f6b213d6000-7f6b24000000 ---p 00000000 00:00 0 
7f6b24000000-7f6b24021000 rw-p 00000000 00:00 0 
7f6b24021000-7f6b28000000 ---p 00000000 00:00 0 
7f6b28000000-7f6b28021000 rw-p 00000000 00:00 0 
7f6b28021000-7f6b2c000000 ---p 00000000 00:00 0 
7f6b2c000000-7f6b2c66e000 rw-p 00000000 00:00 0 
7f6b2c66e000-7f6b30000000 ---p 00000000 00:00 0 
7f6b30000000-7f6b30021000 rw-p 00000000 00:00 0 
7f6b30021000-7f6b34000000 ---p 00000000 00:00 0 
7f6b34000000-7f6b34021000 rw-p 00000000 00:00 0 
7f6b34021000-7f6b38000000 ---p 00000000 00:00 0 
7f6b38000000-7f6b38865000 rw-p 00000000 00:00 0 
7f6b38865000-7f6b3c000000 ---p 00000000 00:00 0 
7f6b3c000000-7f6b3c021000 rw-p 00000000 00:00 0 
7f6b3c021000-7f6b40000000 ---p 00000000 00:00 0 
7f6b40000000-7f6b4011f000 rw-p 00000000 00:00 0 
7f6b4011f000-7f6b44000000 ---p 00000000 00:00 0 
7f6b440bb000-7f6b440bf000 ---p 00000000 00:00 0 
7f6b440bf000-7f6b443bc000 rw-p 00000000 00:00 0 
7f6b443bc000-7f6b443c0000 ---p 00000000 00:00 0 
7f6b443c0000-7f6b444bd000 rw-p 00000000 00:00 0 
7f6b444bd000-7f6b444be000 ---p 00000000 00:00 0 
7f6b444be000-7f6b445bf000 rw-p 00000000 00:00 0 
7f6b445bf000-7f6b445c0000 ---p 00000000 00:00 0 
7f6b445c0000-7f6b446c1000 rw-p 00000000 00:00 0 
7f6b446c1000-7f6b446c2000 ---p 00000000 00:00 0 
7f6b446c2000-7f6b447c3000 rw-p 00000000 00:00 0 
7f6b447c3000-7f6b447c4000 ---p 00000000 00:00 0 
7f6b447c4000-7f6b448c5000 rw-p 00000000 00:00 0 
7f6b448c5000-7f6b448c6000 ---p 00000000 00:00 0 
7f6b448c6000-7f6b449c7000 rw-p 00000000 00:00 0 
7f6b449c7000-7f6b449c8000 ---p 00000000 00:00 0 
7f6b449c8000-7f6b44ac9000 rw-p 00000000 00:00 0 
7f6b44ac9000-7f6b44aca000 ---p 00000000 00:00 0 
7f6b44aca000-7f6b44dcb000 rw-p 00000000 00:00 0 
7f6b44dcb000-7f6b44fcb000 rw-p 00000000 00:00 0 
7f6b44fcb000-7f6b44fcf000 ---p 00000000 00:00 0 
7f6b44fcf000-7f6b452cc000 rw-p 00000000 00:00 0 
7f6b452cc000-7f6b452dc000 r-xp 00000000 08:13 2627727                    /home/ashish/.vscode/extensions/redhat.java-0.50.0/server/config_linux/org.eclipse.equinox.launcher/org.eclipse.equinox.launcher.gtk.linux.x86_64_1.1.1100.v20190907-0426/eclipse_1801.so
7f6b452dc000-7f6b454db000 ---p 00010000 08:13 2627727                    /home/ashish/.vscode/extensions/redhat.java-0.50.0/server/config_linux/org.eclipse.equinox.launcher/org.eclipse.equinox.launcher.gtk.linux.x86_64_1.1.1100.v20190907-0426/eclipse_1801.so
7f6b454db000-7f6b454dc000 r--p 0000f000 08:13 2627727                    /home/ashish/.vscode/extensions/redhat.java-0.50.0/server/config_linux/org.eclipse.equinox.launcher/org.eclipse.equinox.launcher.gtk.linux.x86_64_1.1.1100.v20190907-0426/eclipse_1801.so
7f6b454dc000-7f6b454dd000 rw-p 00010000 08:13 2627727                    /home/ashish/.vscode/extensions/redhat.java-0.50.0/server/config_linux/org.eclipse.equinox.launcher/org.eclipse.equinox.launcher.gtk.linux.x86_64_1.1.1100.v20190907-0426/eclipse_1801.so
7f6b454dd000-7f6b454e1000 ---p 00000000 00:00 0 
7f6b454e1000-7f6b457de000 rw-p 00000000 00:00 0 
7f6b457de000-7f6b457e2000 ---p 00000000 00:00 0 
7f6b457e2000-7f6b45adf000 rw-p 00000000 00:00 0 
7f6b45adf000-7f6b45ae0000 ---p 00000000 00:00 0 
7f6b45ae0000-7f6b45de1000 rw-p 00000000 00:00 0 
7f6b45de1000-7f6b45de5000 ---p 00000000 00:00 0 
7f6b45de5000-7f6b45ee2000 rw-p 00000000 00:00 0 
7f6b45ee2000-7f6b45ee3000 ---p 00000000 00:00 0 
7f6b45ee3000-7f6b45fe4000 rw-p 00000000 00:00 0 
7f6b45fe4000-7f6b45fe8000 ---p 00000000 00:00 0 
7f6b45fe8000-7f6b460e5000 rw-p 00000000 00:00 0 
7f6b460e5000-7f6b460fc000 r-xp 00000000 08:13 1468780                    /home/ashish/java-11/jdk-11.0.4+11/lib/libnet.so
7f6b460fc000-7f6b462fb000 ---p 00017000 08:13 1468780                    /home/ashish/java-11/jdk-11.0.4+11/lib/libnet.so
7f6b462fb000-7f6b462fc000 r--p 00016000 08:13 1468780                    /home/ashish/java-11/jdk-11.0.4+11/lib/libnet.so
7f6b462fc000-7f6b462fd000 rw-p 00017000 08:13 1468780                    /home/ashish/java-11/jdk-11.0.4+11/lib/libnet.so
7f6b462fd000-7f6b4630d000 r-xp 00000000 08:13 1468793                    /home/ashish/java-11/jdk-11.0.4+11/lib/libnio.so
7f6b4630d000-7f6b4650c000 ---p 00010000 08:13 1468793                    /home/ashish/java-11/jdk-11.0.4+11/lib/libnio.so
7f6b4650c000-7f6b4650d000 r--p 0000f000 08:13 1468793                    /home/ashish/java-11/jdk-11.0.4+11/lib/libnio.so
7f6b4650d000-7f6b4650e000 rw-p 00010000 08:13 1468793                    /home/ashish/java-11/jdk-11.0.4+11/lib/libnio.so
7f6b4650e000-7f6b46512000 ---p 00000000 00:00 0 
7f6b46512000-7f6b4660f000 rw-p 00000000 00:00 0 
7f6b4660f000-7f6b46613000 ---p 00000000 00:00 0 
7f6b46613000-7f6b46710000 rw-p 00000000 00:00 0 
7f6b46710000-7f6b46714000 ---p 00000000 00:00 0 
7f6b46714000-7f6b46811000 rw-p 00000000 00:00 0 
7f6b46811000-7f6b46815000 ---p 00000000 00:00 0 
7f6b46815000-7f6b46912000 rw-p 00000000 00:00 0 
7f6b46912000-7f6b46916000 ---p 00000000 00:00 0 
7f6b46916000-7f6b46a13000 rw-p 00000000 00:00 0 
7f6b46a13000-7f6b46a17000 ---p 00000000 00:00 0 
7f6b46a17000-7f6b46b14000 rw-p 00000000 00:00 0 
7f6b46b14000-7f6b46df2000 r--p 00000000 08:13 661457                     /usr/lib/locale/locale-archive
7f6b46df2000-7f6b46df6000 ---p 00000000 00:00 0 
7f6b46df6000-7f6b46ef3000 rw-p 00000000 00:00 0 
7f6b46ef3000-7f6b46ef7000 ---p 00000000 00:00 0 
7f6b46ef7000-7f6b46ff4000 rw-p 00000000 00:00 0 
7f6b46ff4000-7f6b46ff5000 ---p 00000000 00:00 0 
7f6b46ff5000-7f6b478f6000 rw-p 00000000 00:00 0 
7f6b478f6000-7f6b478f7000 ---p 00000000 00:00 0 
7f6b478f7000-7f6b479f8000 rw-p 00000000 00:00 0 
7f6b479f8000-7f6b479f9000 ---p 00000000 00:00 0 
7f6b479f9000-7f6b47afa000 rw-p 00000000 00:00 0 
7f6b47afa000-7f6b47afb000 ---p 00000000 00:00 0 
7f6b47afb000-7f6b48000000 rw-p 00000000 00:00 0 
7f6b48000000-7f6b48021000 rw-p 00000000 00:00 0 
7f6b48021000-7f6b4c000000 ---p 00000000 00:00 0 
7f6b4c000000-7f6b4e3bc000 rw-p 00000000 00:00 0 
7f6b4e3bc000-7f6b4f000000 ---p 00000000 00:00 0 
7f6b4f000000-7f6b4f3bc000 rw-p 00000000 00:00 0 
7f6b4f3bc000-7f6b50000000 ---p 00000000 00:00 0 
7f6b50000000-7f6b50057000 rw-p 00000000 00:00 0 
7f6b50057000-7f6b54000000 ---p 00000000 00:00 0 
7f6b54051000-7f6b54455000 rw-p 00000000 00:00 0 
7f6b54455000-7f6b54456000 ---p 00000000 00:00 0 
7f6b54456000-7f6b545cf000 rw-p 00000000 00:00 0 
7f6b545cf000-7f6b54757000 ---p 00000000 00:00 0 
7f6b54757000-7f6b547cf000 rw-p 00000000 00:00 0 
7f6b547cf000-7f6b54957000 ---p 00000000 00:00 0 
7f6b54957000-7f6b54bc7000 rwxp 00000000 00:00 0 
7f6b54bc7000-7f6b54ee8000 ---p 00000000 00:00 0 
7f6b54ee8000-7f6b57858000 rwxp 00000000 00:00 0 
7f6b57858000-7f6b5c41f000 ---p 00000000 00:00 0 
7f6b5c41f000-7f6b5d91f000 rwxp 00000000 00:00 0 
7f6b5d91f000-7f6b63957000 ---p 00000000 00:00 0 
7f6b63957000-7f6b6c000000 r--s 00000000 08:13 1471692                    /home/ashish/java-11/jdk-11.0.4+11/lib/modules
7f6b6c000000-7f6b6c62b000 rw-p 00000000 00:00 0 
7f6b6c62b000-7f6b70000000 ---p 00000000 00:00 0 
7f6b70069000-7f6b700ea000 rw-p 00000000 00:00 0 
7f6b700ea000-7f6b700eb000 ---p 00000000 00:00 0 
7f6b700eb000-7f6b70264000 rw-p 00000000 00:00 0 
7f6b70264000-7f6b703ec000 ---p 00000000 00:00 0 
7f6b703ec000-7f6b70bf4000 rw-p 00000000 00:00 0 
7f6b70bf4000-7f6b70bf5000 ---p 00000000 00:00 0 
7f6b70bf5000-7f6b70d20000 rw-p 00000000 00:00 0 
7f6b70d20000-7f6b70de1000 ---p 00000000 00:00 0 
7f6b70de1000-7f6b70e34000 rw-p 00000000 00:00 0 
7f6b70e34000-7f6b70ecc000 ---p 00000000 00:00 0 
7f6b70ecc000-7f6b70ee7000 r-xp 00000000 08:13 1468778                    /home/ashish/java-11/jdk-11.0.4+11/lib/libjimage.so
7f6b70ee7000-7f6b710e7000 ---p 0001b000 08:13 1468778                    /home/ashish/java-11/jdk-11.0.4+11/lib/libjimage.so
7f6b710e7000-7f6b710e9000 r--p 0001b000 08:13 1468778                    /home/ashish/java-11/jdk-11.0.4+11/lib/libjimage.so
7f6b710e9000-7f6b710ea000 rw-p 0001d000 08:13 1468778                    /home/ashish/java-11/jdk-11.0.4+11/lib/libjimage.so
7f6b710ea000-7f6b710f1000 r-xp 00000000 08:13 1471691                    /home/ashish/java-11/jdk-11.0.4+11/lib/libzip.so
7f6b710f1000-7f6b712f0000 ---p 00007000 08:13 1471691                    /home/ashish/java-11/jdk-11.0.4+11/lib/libzip.so
7f6b712f0000-7f6b712f1000 r--p 00006000 08:13 1471691                    /home/ashish/java-11/jdk-11.0.4+11/lib/libzip.so
7f6b712f1000-7f6b712f2000 rw-p 00007000 08:13 1471691                    /home/ashish/java-11/jdk-11.0.4+11/lib/libzip.so
7f6b712f2000-7f6b712fd000 r-xp 00000000 08:13 921450                     /lib/x86_64-linux-gnu/libnss_files-2.27.so
7f6b712fd000-7f6b714fc000 ---p 0000b000 08:13 921450                     /lib/x86_64-linux-gnu/libnss_files-2.27.so
7f6b714fc000-7f6b714fd000 r--p 0000a000 08:13 921450                     /lib/x86_64-linux-gnu/libnss_files-2.27.so
7f6b714fd000-7f6b714fe000 rw-p 0000b000 08:13 921450                     /lib/x86_64-linux-gnu/libnss_files-2.27.so
7f6b714fe000-7f6b71504000 rw-p 00000000 00:00 0 
7f6b71504000-7f6b7151b000 r-xp 00000000 08:13 921444                     /lib/x86_64-linux-gnu/libnsl-2.27.so
7f6b7151b000-7f6b7171a000 ---p 00017000 08:13 921444                     /lib/x86_64-linux-gnu/libnsl-2.27.so
7f6b7171a000-7f6b7171b000 r--p 00016000 08:13 921444                     /lib/x86_64-linux-gnu/libnsl-2.27.so
7f6b7171b000-7f6b7171c000 rw-p 00017000 08:13 921444                     /lib/x86_64-linux-gnu/libnsl-2.27.so
7f6b7171c000-7f6b7171e000 rw-p 00000000 00:00 0 
7f6b7171e000-7f6b71729000 r-xp 00000000 08:13 921461                     /lib/x86_64-linux-gnu/libnss_nis-2.27.so
7f6b71729000-7f6b71928000 ---p 0000b000 08:13 921461                     /lib/x86_64-linux-gnu/libnss_nis-2.27.so
7f6b71928000-7f6b71929000 r--p 0000a000 08:13 921461                     /lib/x86_64-linux-gnu/libnss_nis-2.27.so
7f6b71929000-7f6b7192a000 rw-p 0000b000 08:13 921461                     /lib/x86_64-linux-gnu/libnss_nis-2.27.so
7f6b7192a000-7f6b71932000 r-xp 00000000 08:13 921446                     /lib/x86_64-linux-gnu/libnss_compat-2.27.so
7f6b71932000-7f6b71b32000 ---p 00008000 08:13 921446                     /lib/x86_64-linux-gnu/libnss_compat-2.27.so
7f6b71b32000-7f6b71b33000 r--p 00008000 08:13 921446                     /lib/x86_64-linux-gnu/libnss_compat-2.27.so
7f6b71b33000-7f6b71b34000 rw-p 00009000 08:13 921446                     /lib/x86_64-linux-gnu/libnss_compat-2.27.so
7f6b71b34000-7f6b71b3e000 r-xp 00000000 08:13 1468795                    /home/ashish/java-11/jdk-11.0.4+11/lib/libinstrument.so
7f6b71b3e000-7f6b71d3d000 ---p 0000a000 08:13 1468795                    /home/ashish/java-11/jdk-11.0.4+11/lib/libinstrument.so
7f6b71d3d000-7f6b71d3e000 r--p 00009000 08:13 1468795                    /home/ashish/java-11/jdk-11.0.4+11/lib/libinstrument.so
7f6b71d3e000-7f6b71d3f000 rw-p 0000a000 08:13 1468795                    /home/ashish/java-11/jdk-11.0.4+11/lib/libinstrument.so
7f6b71d3f000-7f6b71d69000 r-xp 00000000 08:13 1468803                    /home/ashish/java-11/jdk-11.0.4+11/lib/libjava.so
7f6b71d69000-7f6b71f68000 ---p 0002a000 08:13 1468803                    /home/ashish/java-11/jdk-11.0.4+11/lib/libjava.so
7f6b71f68000-7f6b71f69000 r--p 00029000 08:13 1468803                    /home/ashish/java-11/jdk-11.0.4+11/lib/libjava.so
7f6b71f69000-7f6b71f6b000 rw-p 0002a000 08:13 1468803                    /home/ashish/java-11/jdk-11.0.4+11/lib/libjava.so
7f6b71f6b000-7f6b71f7c000 r-xp 00000000 08:13 1468766                    /home/ashish/java-11/jdk-11.0.4+11/lib/libverify.so
7f6b71f7c000-7f6b7217b000 ---p 00011000 08:13 1468766                    /home/ashish/java-11/jdk-11.0.4+11/lib/libverify.so
7f6b7217b000-7f6b7217d000 r--p 00010000 08:13 1468766                    /home/ashish/java-11/jdk-11.0.4+11/lib/libverify.so
7f6b7217d000-7f6b7217e000 rw-p 00012000 08:13 1468766                    /home/ashish/java-11/jdk-11.0.4+11/lib/libverify.so
7f6b7217e000-7f6b72185000 r-xp 00000000 08:13 921501                     /lib/x86_64-linux-gnu/librt-2.27.so
7f6b72185000-7f6b72384000 ---p 00007000 08:13 921501                     /lib/x86_64-linux-gnu/librt-2.27.so
7f6b72384000-7f6b72385000 r--p 00006000 08:13 921501                     /lib/x86_64-linux-gnu/librt-2.27.so
7f6b72385000-7f6b72386000 rw-p 00007000 08:13 921501                     /lib/x86_64-linux-gnu/librt-2.27.so
7f6b72386000-7f6b72523000 r-xp 00000000 08:13 921423                     /lib/x86_64-linux-gnu/libm-2.27.so
7f6b72523000-7f6b72722000 ---p 0019d000 08:13 921423                     /lib/x86_64-linux-gnu/libm-2.27.so
7f6b72722000-7f6b72723000 r--p 0019c000 08:13 921423                     /lib/x86_64-linux-gnu/libm-2.27.so
7f6b72723000-7f6b72724000 rw-p 0019d000 08:13 921423                     /lib/x86_64-linux-gnu/libm-2.27.so
7f6b72724000-7f6b73857000 r-xp 00000000 08:13 1468790                    /home/ashish/java-11/jdk-11.0.4+11/lib/server/libjvm.so
7f6b73857000-7f6b73a56000 ---p 01133000 08:13 1468790                    /home/ashish/java-11/jdk-11.0.4+11/lib/server/libjvm.so
7f6b73a56000-7f6b73b15000 r--p 01132000 08:13 1468790                    /home/ashish/java-11/jdk-11.0.4+11/lib/server/libjvm.so
7f6b73b15000-7f6b73b4e000 rw-p 011f1000 08:13 1468790                    /home/ashish/java-11/jdk-11.0.4+11/lib/server/libjvm.so
7f6b73b4e000-7f6b73ba5000 rw-p 00000000 00:00 0 
7f6b73ba5000-7f6b73d8c000 r-xp 00000000 08:13 921360                     /lib/x86_64-linux-gnu/libc-2.27.so
7f6b73d8c000-7f6b73f8c000 ---p 001e7000 08:13 921360                     /lib/x86_64-linux-gnu/libc-2.27.so
7f6b73f8c000-7f6b73f90000 r--p 001e7000 08:13 921360                     /lib/x86_64-linux-gnu/libc-2.27.so
7f6b73f90000-7f6b73f92000 rw-p 001eb000 08:13 921360                     /lib/x86_64-linux-gnu/libc-2.27.so
7f6b73f92000-7f6b73f96000 rw-p 00000000 00:00 0 
7f6b73f96000-7f6b73f99000 r-xp 00000000 08:13 921383                     /lib/x86_64-linux-gnu/libdl-2.27.so
7f6b73f99000-7f6b74198000 ---p 00003000 08:13 921383                     /lib/x86_64-linux-gnu/libdl-2.27.so
7f6b74198000-7f6b74199000 r--p 00002000 08:13 921383                     /lib/x86_64-linux-gnu/libdl-2.27.so
7f6b74199000-7f6b7419a000 rw-p 00003000 08:13 921383                     /lib/x86_64-linux-gnu/libdl-2.27.so
7f6b7419a000-7f6b741aa000 r-xp 00000000 08:13 1468785                    /home/ashish/java-11/jdk-11.0.4+11/lib/jli/libjli.so
7f6b741aa000-7f6b743a9000 ---p 00010000 08:13 1468785                    /home/ashish/java-11/jdk-11.0.4+11/lib/jli/libjli.so
7f6b743a9000-7f6b743aa000 r--p 0000f000 08:13 1468785                    /home/ashish/java-11/jdk-11.0.4+11/lib/jli/libjli.so
7f6b743aa000-7f6b743ab000 rw-p 00010000 08:13 1468785                    /home/ashish/java-11/jdk-11.0.4+11/lib/jli/libjli.so
7f6b743ab000-7f6b743c5000 r-xp 00000000 08:13 921493                     /lib/x86_64-linux-gnu/libpthread-2.27.so
7f6b743c5000-7f6b745c4000 ---p 0001a000 08:13 921493                     /lib/x86_64-linux-gnu/libpthread-2.27.so
7f6b745c4000-7f6b745c5000 r--p 00019000 08:13 921493                     /lib/x86_64-linux-gnu/libpthread-2.27.so
7f6b745c5000-7f6b745c6000 rw-p 0001a000 08:13 921493                     /lib/x86_64-linux-gnu/libpthread-2.27.so
7f6b745c6000-7f6b745ca000 rw-p 00000000 00:00 0 
7f6b745ca000-7f6b745e6000 r-xp 00000000 08:13 921534                     /lib/x86_64-linux-gnu/libz.so.1.2.11
7f6b745e6000-7f6b747e5000 ---p 0001c000 08:13 921534                     /lib/x86_64-linux-gnu/libz.so.1.2.11
7f6b747e5000-7f6b747e6000 r--p 0001b000 08:13 921534                     /lib/x86_64-linux-gnu/libz.so.1.2.11
7f6b747e6000-7f6b747e7000 rw-p 0001c000 08:13 921534                     /lib/x86_64-linux-gnu/libz.so.1.2.11
7f6b747e7000-7f6b7480e000 r-xp 00000000 08:13 921332                     /lib/x86_64-linux-gnu/ld-2.27.so
7f6b7481c000-7f6b74820000 ---p 00000000 00:00 0 
7f6b74820000-7f6b748dc000 rw-p 00000000 00:00 0 
7f6b748dc000-7f6b748e0000 ---p 00000000 00:00 0 
7f6b748e0000-7f6b749e1000 rw-p 00000000 00:00 0 
7f6b749f8000-7f6b749fd000 rw-p 00000000 00:00 0 
7f6b749fd000-7f6b74a04000 ---p 00000000 00:00 0 
7f6b74a04000-7f6b74a0c000 rw-s 00000000 08:13 392489                     /tmp/hsperfdata_ashish/28053
7f6b74a0c000-7f6b74a0d000 ---p 00000000 00:00 0 
7f6b74a0d000-7f6b74a0e000 r--p 00000000 00:00 0 
7f6b74a0e000-7f6b74a0f000 r--p 00027000 08:13 921332                     /lib/x86_64-linux-gnu/ld-2.27.so
7f6b74a0f000-7f6b74a10000 rw-p 00028000 08:13 921332                     /lib/x86_64-linux-gnu/ld-2.27.so
7f6b74a10000-7f6b74a11000 rw-p 00000000 00:00 0 
7ffd8be3f000-7ffd8be60000 rw-p 00000000 00:00 0                          [stack]
7ffd8bf70000-7ffd8bf73000 r--p 00000000 00:00 0                          [vvar]
7ffd8bf73000-7ffd8bf75000 r-xp 00000000 00:00 0                          [vdso]
ffffffffff600000-ffffffffff601000 r-xp 00000000 00:00 0                  [vsyscall]


VM Arguments:
jvm_args: --add-modules=ALL-SYSTEM --add-opens=java.base/java.util=ALL-UNNAMED --add-opens=java.base/java.lang=ALL-UNNAMED -Declipse.application=org.eclipse.jdt.ls.core.id1 -Dosgi.bundles.defaultStartLevel=4 -Declipse.product=org.eclipse.jdt.ls.core.product -Dfile.encoding=utf8 -Xverify:none -Xmx1G -XX:+UseG1GC -XX:+UseStringDeduplication -javaagent:/home/ashish/.vscode/extensions/gabrielbb.vscode-lombok-0.9.9/server/lombok.jar 
java_command: /home/ashish/.vscode/extensions/redhat.java-0.50.0/server/plugins/org.eclipse.equinox.launcher_1.5.500.v20190715-1310.jar -configuration /home/ashish/.vscode/extensions/redhat.java-0.50.0/server/config_linux -data /home/ashish/.config/Code/User/workspaceStorage/d7cfcc610f47a71014953f1de2661f1f/redhat.java/jdt_ws
java_class_path (initial): /home/ashish/.vscode/extensions/redhat.java-0.50.0/server/plugins/org.eclipse.equinox.launcher_1.5.500.v20190715-1310.jar
Launcher Type: SUN_STANDARD

[Global flags]
     bool BytecodeVerificationLocal                = false                                     {product} {command line}
     bool BytecodeVerificationRemote               = false                                     {product} {command line}
     intx CICompilerCount                          = 4                                         {product} {ergonomic}
     uint ConcGCThreads                            = 2                                         {product} {ergonomic}
     uint G1ConcRefinementThreads                  = 8                                         {product} {ergonomic}
   size_t G1HeapRegionSize                         = 1048576                                   {product} {ergonomic}
    uintx GCDrainStackTargetSize                   = 64                                        {product} {ergonomic}
   size_t InitialHeapSize                          = 127926272                                 {product} {ergonomic}
   size_t MarkStackSize                            = 4194304                                   {product} {ergonomic}
   size_t MaxHeapSize                              = 1073741824                                {product} {command line}
   size_t MaxNewSize                               = 643825664                                 {product} {ergonomic}
   size_t MinHeapDeltaBytes                        = 1048576                                   {product} {ergonomic}
    uintx NonNMethodCodeHeapSize                   = 5835340                                {pd product} {ergonomic}
    uintx NonProfiledCodeHeapSize                  = 122911450                              {pd product} {ergonomic}
    uintx ProfiledCodeHeapSize                     = 122911450                              {pd product} {ergonomic}
    uintx ReservedCodeCacheSize                    = 251658240                              {pd product} {ergonomic}
     bool SegmentedCodeCache                       = true                                      {product} {ergonomic}
     bool UseCompressedClassPointers               = true                                 {lp64_product} {ergonomic}
     bool UseCompressedOops                        = true                                 {lp64_product} {ergonomic}
     bool UseG1GC                                  = true                                      {product} {command line}
     bool UseStringDeduplication                   = true                                      {product} {command line}

Logging:
Log output configuration:
 #0: stdout all=warning uptime,level,tags
 #1: stderr all=off uptime,level,tags

Environment Variables:
PATH=/home/ashish/.local/bin:/home/ashish/bin:/home/ashish/anaconda3/bin:/home/ashish/.local/bin:/home/ashish/bin:/usr/local/sbin:/usr/local/bin:/usr/sbin:/usr/bin:/sbin:/bin:/usr/games:/usr/local/games:/snap/bin
SHELL=/bin/bash
DISPLAY=:0

Signal Handlers:
SIGSEGV: [libjvm.so+0xe23a80], sa_mask[0]=11111111011111111101111111111110, sa_flags=SA_RESTART|SA_SIGINFO
SIGBUS: [libjvm.so+0xe23a80], sa_mask[0]=11111111011111111101111111111110, sa_flags=SA_RESTART|SA_SIGINFO
SIGFPE: [libjvm.so+0xe23a80], sa_mask[0]=11111111011111111101111111111110, sa_flags=SA_RESTART|SA_SIGINFO
SIGPIPE: [libjvm.so+0xbf7430], sa_mask[0]=11111111011111111101111111111110, sa_flags=SA_RESTART|SA_SIGINFO
SIGXFSZ: [libjvm.so+0xbf7430], sa_mask[0]=11111111011111111101111111111110, sa_flags=SA_RESTART|SA_SIGINFO
SIGILL: [libjvm.so+0xe23a80], sa_mask[0]=11111111011111111101111111111110, sa_flags=SA_RESTART|SA_SIGINFO
SIGUSR2: [libjvm.so+0xbf72d0], sa_mask[0]=00000000000000000000000000000000, sa_flags=SA_RESTART|SA_SIGINFO
SIGHUP: [libjvm.so+0xbf7630], sa_mask[0]=11111111011111111101111111111110, sa_flags=SA_RESTART|SA_SIGINFO
SIGINT: [libjvm.so+0xbf7630], sa_mask[0]=11111111011111111101111111111110, sa_flags=SA_RESTART|SA_SIGINFO
SIGTERM: [libjvm.so+0xbf7630], sa_mask[0]=11111111011111111101111111111110, sa_flags=SA_RESTART|SA_SIGINFO
SIGQUIT: [libjvm.so+0xbf7630], sa_mask[0]=11111111011111111101111111111110, sa_flags=SA_RESTART|SA_SIGINFO


---------------  S Y S T E M  ---------------

OS:DISTRIB_ID=LinuxMint
DISTRIB_RELEASE=19
DISTRIB_CODENAME=tara
DISTRIB_DESCRIPTION="Linux Mint 19 Tara"
uname:Linux 4.15.0-39-generic #42-Ubuntu SMP Tue Oct 23 15:48:01 UTC 2018 x86_64
libc:glibc 2.27 NPTL 2.27 
rlimit: STACK 8192k, CORE 0k, NPROC 30255, NOFILE 1048576, AS infinity, DATA infinity, FSIZE infinity
load average:2.94 2.56 2.55

/proc/meminfo:
MemTotal:        7933124 kB
MemFree:          158736 kB
MemAvailable:     155564 kB
Buffers:            6748 kB
Cached:           431852 kB
SwapCached:        19800 kB
Active:          6290688 kB
Inactive:         968872 kB
Active(anon):    6183504 kB
Inactive(anon):   878772 kB
Active(file):     107184 kB
Inactive(file):    90100 kB
Unevictable:          64 kB
Mlocked:              64 kB
SwapTotal:       1000444 kB
SwapFree:              0 kB
Dirty:               380 kB
Writeback:           476 kB
AnonPages:       6801868 kB
Mapped:           454088 kB
Shmem:            245356 kB
Slab:             139640 kB
SReclaimable:      50484 kB
SUnreclaim:        89156 kB
KernelStack:       19328 kB
PageTables:       125320 kB
NFS_Unstable:          0 kB
Bounce:                0 kB
WritebackTmp:          0 kB
CommitLimit:     4967004 kB
Committed_AS:   17364536 kB
VmallocTotal:   34359738367 kB
VmallocUsed:           0 kB
VmallocChunk:          0 kB
HardwareCorrupted:     0 kB
AnonHugePages:         0 kB
ShmemHugePages:        0 kB
ShmemPmdMapped:        0 kB
CmaTotal:              0 kB
CmaFree:               0 kB
HugePages_Total:       0
HugePages_Free:        0
HugePages_Rsvd:        0
HugePages_Surp:        0
Hugepagesize:       2048 kB
DirectMap4k:      555872 kB
DirectMap2M:     7596032 kB
DirectMap1G:     1048576 kB


/proc/sys/kernel/threads-max (system-wide limit on the number of threads):
60511


/proc/sys/vm/max_map_count (maximum number of memory map areas a process may have):
65530


/proc/sys/kernel/pid_max (system-wide limit on number of process identifiers):
32768



container (cgroup) information:
container_type: cgroupv1
cpu_cpuset_cpus: 0-7
cpu_memory_nodes: 0
active_processor_count: 8
cpu_quota: -1
cpu_period: 100000
cpu_shares: -1
memory_limit_in_bytes: -1
memory_and_swap_limit_in_bytes: -2
memory_soft_limit_in_bytes: -1
memory_usage_in_bytes: 7425765376
memory_max_usage_in_bytes: 1736704

Steal ticks since vm start: 0
Steal ticks percentage since vm start:  0.000

CPU:total 8 (initial active 8) (4 cores per cpu, 2 threads per core) family 6 model 158 stepping 9, cmov, cx8, fxsr, mmx, sse, sse2, sse3, ssse3, sse4.1, sse4.2, popcnt, avx, avx2, aes, clmul, erms, 3dnowpref, lzcnt, ht, tsc, tscinvbit, bmi1, bmi2, adx, fma
CPU Model and flags from /proc/cpuinfo:
model name	: Intel(R) Core(TM) i7-7700HQ CPU @ 2.80GHz
flags		: fpu vme de pse tsc msr pae mce cx8 apic sep mtrr pge mca cmov pat pse36 clflush dts acpi mmx fxsr sse sse2 ss ht tm pbe syscall nx pdpe1gb rdtscp lm constant_tsc art arch_perfmon pebs bts rep_good nopl xtopology nonstop_tsc cpuid aperfmperf tsc_known_freq pni pclmulqdq dtes64 monitor ds_cpl vmx est tm2 ssse3 sdbg fma cx16 xtpr pdcm pcid sse4_1 sse4_2 x2apic movbe popcnt tsc_deadline_timer aes xsave avx f16c rdrand lahf_lm abm 3dnowprefetch cpuid_fault epb invpcid_single pti ssbd ibrs ibpb stibp tpr_shadow vnmi flexpriority ept vpid fsgsbase tsc_adjust bmi1 avx2 smep bmi2 erms invpcid mpx rdseed adx smap clflushopt intel_pt xsaveopt xsavec xgetbv1 xsaves dtherm ida arat pln pts hwp hwp_notify hwp_act_window hwp_epp flush_l1d

Memory: 4k page, physical 7933124k(158736k free), swap 1000444k(0k free)

vm_info: OpenJDK 64-Bit Server VM (11.0.4+11) for linux-amd64 JRE (11.0.4+11), built on Jul 18 2019 11:46:39 by "jenkins" with gcc 7.3.1 20180303 (Red Hat 7.3.1-5)

END.
